+ DTC
/dev/null: Warning (unit_address_vs_reg): /memory: node has a reg or ranges property, but no unit name
/dev/null: Warning (unit_address_vs_reg): /binman/simple-bin/fit/images/@atf-SEQ: node has a unit name, but no reg property
/dev/null: Warning (unit_address_vs_reg): /binman/simple-bin/fit/images/@tee-SEQ: node has a unit name, but no reg property
/dev/null: Warning (unit_address_vs_reg): /binman/simple-bin/fit/images/@fdt-SEQ: node has a unit name, but no reg property
/dev/null: Warning (unit_address_vs_reg): /binman/simple-bin/fit/configurations/@config-SEQ: node has a unit name, but no reg property
/dev/null: Warning (pci_device_reg): /pcie@fe180000/legacy-interrupt-controller: missing PCI reg property
/dev/null: Warning (pci_device_reg): /pcie@fe190000/legacy-interrupt-controller: missing PCI reg property
/dev/null: Warning (pci_device_reg): /pcie@fe150000/legacy-interrupt-controller: missing PCI reg property
/dev/null: Warning (pci_device_reg): /pcie@fe160000/legacy-interrupt-controller: missing PCI reg property
/dev/null: Warning (pci_device_reg): /pcie@fe170000/legacy-interrupt-controller: missing PCI reg property
+ DT-VALIDATE
/home/weiouy01/.local/lib/python3.8/site-packages/dtschema/schemas/reserved-memory/shared-dma-pool.yaml: warning: ignoring duplicate '$id' value 'http://devicetree.org/schemas/reserved-memory/shared-dma-pool.yaml#'
/home/weiouy01/.local/lib/python3.8/site-packages/dtschema/schemas/reserved-memory/memory-region.yaml: warning: ignoring duplicate '$id' value 'http://devicetree.org/schemas/reserved-memory/memory-region.yaml#'
/home/weiouy01/.local/lib/python3.8/site-packages/dtschema/schemas/reserved-memory/reserved-memory.yaml: warning: ignoring duplicate '$id' value 'http://devicetree.org/schemas/reserved-memory/reserved-memory.yaml#'
/home/weiouy01/.local/lib/python3.8/site-packages/dtschema/schemas/reserved-memory/framebuffer.yaml: warning: ignoring duplicate '$id' value 'http://devicetree.org/schemas/reserved-memory/framebuffer.yaml#'
/home/weiouy01/code/Arm-SystemReady-IoT/project/Bpi-ArmSoM-S7_ir_2.1/reports/acs_results/uefi/BsaDevTree.dtb: /: memory: False schema does not allow {'reg': [[0, 2097152, 0, 4024434688], [1, 0, 1, 0]], 'device_type': ['memory']}
	from schema $id: http://devicetree.org/schemas/root-node.yaml#
/home/weiouy01/code/Arm-SystemReady-IoT/project/Bpi-ArmSoM-S7_ir_2.1/reports/acs_results/uefi/BsaDevTree.dtb: usb@fc800000: compatible: 'oneOf' conditional failed, one must be fixed:
	['rockchip,rk3588-ehci', 'generic-ehci'] is too long
	'rockchip,rk3588-ehci' is not one of ['allwinner,sun4i-a10-ehci', 'allwinner,sun50i-a64-ehci', 'allwinner,sun50i-h6-ehci', 'allwinner,sun50i-h616-ehci', 'allwinner,sun5i-a13-ehci', 'allwinner,sun6i-a31-ehci', 'allwinner,sun7i-a20-ehci', 'allwinner,sun8i-a23-ehci', 'allwinner,sun8i-a83t-ehci', 'allwinner,sun8i-h3-ehci', 'allwinner,sun8i-r40-ehci', 'allwinner,sun9i-a80-ehci', 'allwinner,sun20i-d1-ehci', 'aspeed,ast2400-ehci', 'aspeed,ast2500-ehci', 'aspeed,ast2600-ehci', 'brcm,bcm3384-ehci', 'brcm,bcm63268-ehci', 'brcm,bcm6328-ehci', 'brcm,bcm6358-ehci', 'brcm,bcm6362-ehci', 'brcm,bcm6368-ehci', 'brcm,bcm7125-ehci', 'brcm,bcm7346-ehci', 'brcm,bcm7358-ehci', 'brcm,bcm7360-ehci', 'brcm,bcm7362-ehci', 'brcm,bcm7420-ehci', 'brcm,bcm7425-ehci', 'brcm,bcm7435-ehci', 'hpe,gxp-ehci', 'ibm,476gtr-ehci', 'nxp,lpc1850-ehci', 'qca,ar7100-ehci', 'snps,hsdk-v1.0-ehci', 'socionext,uniphier-ehci']
	'rockchip,rk3588-ehci' is not one of ['cavium,octeon-6335-ehci', 'ibm,usb-ehci-440epx', 'ibm,usb-ehci-460ex', 'nintendo,hollywood-usb-ehci', 'st,spear600-ehci']
	'rockchip,rk3588-ehci' is not one of ['generic-ehci', 'marvell,armada-3700-ehci', 'marvell,orion-ehci', 'nuvoton,npcm750-ehci', 'nuvoton,npcm845-ehci', 'ti,ehci-omap', 'usb-ehci']
	'usb-ehci' was expected
	from schema $id: http://devicetree.org/schemas/usb/generic-ehci.yaml#
/home/weiouy01/code/Arm-SystemReady-IoT/project/Bpi-ArmSoM-S7_ir_2.1/reports//acs_results/uefi/BsaDevTree.dtb: /usb@fc800000: failed to match any schema with compatible: ['rockchip,rk3588-ehci', 'generic-ehci']
/home/weiouy01/code/Arm-SystemReady-IoT/project/Bpi-ArmSoM-S7_ir_2.1/reports/acs_results/uefi/BsaDevTree.dtb: usb@fc840000: compatible: 'oneOf' conditional failed, one must be fixed:
	['rockchip,rk3588-ohci', 'generic-ohci'] is too long
	'rockchip,rk3588-ohci' is not one of ['allwinner,sun4i-a10-ohci', 'allwinner,sun50i-a64-ohci', 'allwinner,sun50i-h6-ohci', 'allwinner,sun50i-h616-ohci', 'allwinner,sun5i-a13-ohci', 'allwinner,sun6i-a31-ohci', 'allwinner,sun7i-a20-ohci', 'allwinner,sun8i-a23-ohci', 'allwinner,sun8i-a83t-ohci', 'allwinner,sun8i-h3-ohci', 'allwinner,sun8i-r40-ohci', 'allwinner,sun9i-a80-ohci', 'allwinner,sun20i-d1-ohci', 'brcm,bcm3384-ohci', 'brcm,bcm63268-ohci', 'brcm,bcm6328-ohci', 'brcm,bcm6358-ohci', 'brcm,bcm6362-ohci', 'brcm,bcm6368-ohci', 'brcm,bcm7125-ohci', 'brcm,bcm7346-ohci', 'brcm,bcm7358-ohci', 'brcm,bcm7360-ohci', 'brcm,bcm7362-ohci', 'brcm,bcm7420-ohci', 'brcm,bcm7425-ohci', 'brcm,bcm7435-ohci', 'hpe,gxp-ohci', 'ibm,476gtr-ohci', 'ingenic,jz4740-ohci', 'snps,hsdk-v1.0-ohci']
	'rockchip,rk3588-ohci' is not one of ['generic-ohci', 'ti,ohci-omap3']
	'rockchip,rk3588-ohci' is not one of ['cavium,octeon-6335-ohci', 'nintendo,hollywood-usb-ohci', 'nxp,ohci-nxp', 'st,spear600-ohci']
	'usb-ohci' was expected
	from schema $id: http://devicetree.org/schemas/usb/generic-ohci.yaml#
/home/weiouy01/code/Arm-SystemReady-IoT/project/Bpi-ArmSoM-S7_ir_2.1/reports/acs_results/uefi/BsaDevTree.dtb: usb@fc840000: clocks: [[27, 398], [27, 399], [27, 704], [28]] is too long
	from schema $id: http://devicetree.org/schemas/usb/generic-ohci.yaml#
/home/weiouy01/code/Arm-SystemReady-IoT/project/Bpi-ArmSoM-S7_ir_2.1/reports//acs_results/uefi/BsaDevTree.dtb: /usb@fc840000: failed to match any schema with compatible: ['rockchip,rk3588-ohci', 'generic-ohci']
/home/weiouy01/code/Arm-SystemReady-IoT/project/Bpi-ArmSoM-S7_ir_2.1/reports/acs_results/uefi/BsaDevTree.dtb: usb@fc880000: compatible: 'oneOf' conditional failed, one must be fixed:
	['rockchip,rk3588-ehci', 'generic-ehci'] is too long
	'rockchip,rk3588-ehci' is not one of ['allwinner,sun4i-a10-ehci', 'allwinner,sun50i-a64-ehci', 'allwinner,sun50i-h6-ehci', 'allwinner,sun50i-h616-ehci', 'allwinner,sun5i-a13-ehci', 'allwinner,sun6i-a31-ehci', 'allwinner,sun7i-a20-ehci', 'allwinner,sun8i-a23-ehci', 'allwinner,sun8i-a83t-ehci', 'allwinner,sun8i-h3-ehci', 'allwinner,sun8i-r40-ehci', 'allwinner,sun9i-a80-ehci', 'allwinner,sun20i-d1-ehci', 'aspeed,ast2400-ehci', 'aspeed,ast2500-ehci', 'aspeed,ast2600-ehci', 'brcm,bcm3384-ehci', 'brcm,bcm63268-ehci', 'brcm,bcm6328-ehci', 'brcm,bcm6358-ehci', 'brcm,bcm6362-ehci', 'brcm,bcm6368-ehci', 'brcm,bcm7125-ehci', 'brcm,bcm7346-ehci', 'brcm,bcm7358-ehci', 'brcm,bcm7360-ehci', 'brcm,bcm7362-ehci', 'brcm,bcm7420-ehci', 'brcm,bcm7425-ehci', 'brcm,bcm7435-ehci', 'hpe,gxp-ehci', 'ibm,476gtr-ehci', 'nxp,lpc1850-ehci', 'qca,ar7100-ehci', 'snps,hsdk-v1.0-ehci', 'socionext,uniphier-ehci']
	'rockchip,rk3588-ehci' is not one of ['cavium,octeon-6335-ehci', 'ibm,usb-ehci-440epx', 'ibm,usb-ehci-460ex', 'nintendo,hollywood-usb-ehci', 'st,spear600-ehci']
	'rockchip,rk3588-ehci' is not one of ['generic-ehci', 'marvell,armada-3700-ehci', 'marvell,orion-ehci', 'nuvoton,npcm750-ehci', 'nuvoton,npcm845-ehci', 'ti,ehci-omap', 'usb-ehci']
	'usb-ehci' was expected
	from schema $id: http://devicetree.org/schemas/usb/generic-ehci.yaml#
/home/weiouy01/code/Arm-SystemReady-IoT/project/Bpi-ArmSoM-S7_ir_2.1/reports//acs_results/uefi/BsaDevTree.dtb: /usb@fc880000: failed to match any schema with compatible: ['rockchip,rk3588-ehci', 'generic-ehci']
/home/weiouy01/code/Arm-SystemReady-IoT/project/Bpi-ArmSoM-S7_ir_2.1/reports/acs_results/uefi/BsaDevTree.dtb: usb@fc8c0000: compatible: 'oneOf' conditional failed, one must be fixed:
	['rockchip,rk3588-ohci', 'generic-ohci'] is too long
	'rockchip,rk3588-ohci' is not one of ['allwinner,sun4i-a10-ohci', 'allwinner,sun50i-a64-ohci', 'allwinner,sun50i-h6-ohci', 'allwinner,sun50i-h616-ohci', 'allwinner,sun5i-a13-ohci', 'allwinner,sun6i-a31-ohci', 'allwinner,sun7i-a20-ohci', 'allwinner,sun8i-a23-ohci', 'allwinner,sun8i-a83t-ohci', 'allwinner,sun8i-h3-ohci', 'allwinner,sun8i-r40-ohci', 'allwinner,sun9i-a80-ohci', 'allwinner,sun20i-d1-ohci', 'brcm,bcm3384-ohci', 'brcm,bcm63268-ohci', 'brcm,bcm6328-ohci', 'brcm,bcm6358-ohci', 'brcm,bcm6362-ohci', 'brcm,bcm6368-ohci', 'brcm,bcm7125-ohci', 'brcm,bcm7346-ohci', 'brcm,bcm7358-ohci', 'brcm,bcm7360-ohci', 'brcm,bcm7362-ohci', 'brcm,bcm7420-ohci', 'brcm,bcm7425-ohci', 'brcm,bcm7435-ohci', 'hpe,gxp-ohci', 'ibm,476gtr-ohci', 'ingenic,jz4740-ohci', 'snps,hsdk-v1.0-ohci']
	'rockchip,rk3588-ohci' is not one of ['generic-ohci', 'ti,ohci-omap3']
	'rockchip,rk3588-ohci' is not one of ['cavium,octeon-6335-ohci', 'nintendo,hollywood-usb-ohci', 'nxp,ohci-nxp', 'st,spear600-ohci']
	'usb-ohci' was expected
	from schema $id: http://devicetree.org/schemas/usb/generic-ohci.yaml#
/home/weiouy01/code/Arm-SystemReady-IoT/project/Bpi-ArmSoM-S7_ir_2.1/reports/acs_results/uefi/BsaDevTree.dtb: usb@fc8c0000: clocks: [[27, 400], [27, 401], [27, 704], [31]] is too long
	from schema $id: http://devicetree.org/schemas/usb/generic-ohci.yaml#
/home/weiouy01/code/Arm-SystemReady-IoT/project/Bpi-ArmSoM-S7_ir_2.1/reports//acs_results/uefi/BsaDevTree.dtb: /usb@fc8c0000: failed to match any schema with compatible: ['rockchip,rk3588-ohci', 'generic-ohci']
/home/weiouy01/code/Arm-SystemReady-IoT/project/Bpi-ArmSoM-S7_ir_2.1/reports//acs_results/uefi/BsaDevTree.dtb: /syscon@fd5bc000: failed to match any schema with compatible: ['rockchip,rk3588-pipe-phy-grf', 'syscon']
/home/weiouy01/code/Arm-SystemReady-IoT/project/Bpi-ArmSoM-S7_ir_2.1/reports//acs_results/uefi/BsaDevTree.dtb: /syscon@fd5c4000: failed to match any schema with compatible: ['rockchip,rk3588-pipe-phy-grf', 'syscon']
/home/weiouy01/code/Arm-SystemReady-IoT/project/Bpi-ArmSoM-S7_ir_2.1/reports//acs_results/uefi/BsaDevTree.dtb: /syscon@fd5d8000: failed to match any schema with compatible: ['rockchip,rk3588-usb2phy-grf', 'syscon', 'simple-mfd']
/home/weiouy01/code/Arm-SystemReady-IoT/project/Bpi-ArmSoM-S7_ir_2.1/reports//acs_results/uefi/BsaDevTree.dtb: /syscon@fd5d8000/usb2-phy@8000: failed to match any schema with compatible: ['rockchip,rk3588-usb2phy']
/home/weiouy01/code/Arm-SystemReady-IoT/project/Bpi-ArmSoM-S7_ir_2.1/reports//acs_results/uefi/BsaDevTree.dtb: /syscon@fd5dc000: failed to match any schema with compatible: ['rockchip,rk3588-usb2phy-grf', 'syscon', 'simple-mfd']
/home/weiouy01/code/Arm-SystemReady-IoT/project/Bpi-ArmSoM-S7_ir_2.1/reports//acs_results/uefi/BsaDevTree.dtb: /syscon@fd5dc000/usb2-phy@c000: failed to match any schema with compatible: ['rockchip,rk3588-usb2phy']
/home/weiouy01/code/Arm-SystemReady-IoT/project/Bpi-ArmSoM-S7_ir_2.1/reports/acs_results/uefi/BsaDevTree.dtb: serial@fd890000: dma-names:0: 'rx' was expected
	from schema $id: http://devicetree.org/schemas/serial/snps-dw-apb-uart.yaml#
/home/weiouy01/code/Arm-SystemReady-IoT/project/Bpi-ArmSoM-S7_ir_2.1/reports/acs_results/uefi/BsaDevTree.dtb: serial@fd890000: dma-names:1: 'tx' was expected
	from schema $id: http://devicetree.org/schemas/serial/snps-dw-apb-uart.yaml#
/home/weiouy01/code/Arm-SystemReady-IoT/project/Bpi-ArmSoM-S7_ir_2.1/reports/acs_results/uefi/BsaDevTree.dtb: pcie@fe180000: interrupt-names:0: 'oneOf' conditional failed, one must be fixed:
	'vpd' was expected
	'l_eq' was expected
	'sys' does not match '^dma([0-9]|1[0-5])?$'
	'sft_ce' was expected
	'sft_ue' was expected
	'app' was expected
	'msi' was expected
	'sys' does not match '^int(a|b|c|d)$'
	'aer' was expected
	'pme' was expected
	'hp' was expected
	'bw_au' was expected
	'bw_mg' was expected
	/home/weiouy01/code/Arm-SystemReady-IoT/project/Bpi-ArmSoM-S7_ir_2.1/reports/acs_results/uefi/BsaDevTree.dtb: pcie@fe180000: interrupt-names:0: 'oneOf' conditional failed, one must be fixed:
		'sys' is not one of ['intr']
	from schema $id: http://devicetree.org/schemas/pci/rockchip-dw-pcie.yaml#
/home/weiouy01/code/Arm-SystemReady-IoT/project/Bpi-ArmSoM-S7_ir_2.1/reports/acs_results/uefi/BsaDevTree.dtb: pcie@fe180000: interrupt-names:1: 'oneOf' conditional failed, one must be fixed:
	'vpd' was expected
	'l_eq' was expected
	'pmc' does not match '^dma([0-9]|1[0-5])?$'
	'sft_ce' was expected
	'sft_ue' was expected
	'app' was expected
	'msi' was expected
	'pmc' does not match '^int(a|b|c|d)$'
	'aer' was expected
	'pme' was expected
	'hp' was expected
	'bw_au' was expected
	'bw_mg' was expected
	/home/weiouy01/code/Arm-SystemReady-IoT/project/Bpi-ArmSoM-S7_ir_2.1/reports/acs_results/uefi/BsaDevTree.dtb: pcie@fe180000: interrupt-names:1: 'oneOf' conditional failed, one must be fixed:
		'pmc' is not one of ['intr']
	from schema $id: http://devicetree.org/schemas/pci/rockchip-dw-pcie.yaml#
/home/weiouy01/code/Arm-SystemReady-IoT/project/Bpi-ArmSoM-S7_ir_2.1/reports/acs_results/uefi/BsaDevTree.dtb: pcie@fe180000: interrupt-names:2: 'oneOf' conditional failed, one must be fixed:
	'vpd' was expected
	'l_eq' was expected
	'msg' does not match '^dma([0-9]|1[0-5])?$'
	'sft_ce' was expected
	'sft_ue' was expected
	'app' was expected
	'msi' was expected
	'msg' does not match '^int(a|b|c|d)$'
	'aer' was expected
	'pme' was expected
	'hp' was expected
	'bw_au' was expected
	'bw_mg' was expected
	/home/weiouy01/code/Arm-SystemReady-IoT/project/Bpi-ArmSoM-S7_ir_2.1/reports/acs_results/uefi/BsaDevTree.dtb: pcie@fe180000: interrupt-names:2: 'oneOf' conditional failed, one must be fixed:
		'msg' is not one of ['intr']
	from schema $id: http://devicetree.org/schemas/pci/rockchip-dw-pcie.yaml#
/home/weiouy01/code/Arm-SystemReady-IoT/project/Bpi-ArmSoM-S7_ir_2.1/reports/acs_results/uefi/BsaDevTree.dtb: pcie@fe180000: interrupt-names:3: 'oneOf' conditional failed, one must be fixed:
	'vpd' was expected
	'l_eq' was expected
	'legacy' does not match '^dma([0-9]|1[0-5])?$'
	'sft_ce' was expected
	'sft_ue' was expected
	'app' was expected
	'msi' was expected
	'legacy' does not match '^int(a|b|c|d)$'
	'aer' was expected
	'pme' was expected
	'hp' was expected
	'bw_au' was expected
	'bw_mg' was expected
	/home/weiouy01/code/Arm-SystemReady-IoT/project/Bpi-ArmSoM-S7_ir_2.1/reports/acs_results/uefi/BsaDevTree.dtb: pcie@fe180000: interrupt-names:3: 'oneOf' conditional failed, one must be fixed:
		'legacy' is not one of ['intr']
	from schema $id: http://devicetree.org/schemas/pci/rockchip-dw-pcie.yaml#
/home/weiouy01/code/Arm-SystemReady-IoT/project/Bpi-ArmSoM-S7_ir_2.1/reports/acs_results/uefi/BsaDevTree.dtb: pcie@fe180000: interrupt-names:4: 'oneOf' conditional failed, one must be fixed:
	'vpd' was expected
	'l_eq' was expected
	'err' does not match '^dma([0-9]|1[0-5])?$'
	'sft_ce' was expected
	'sft_ue' was expected
	'app' was expected
	'msi' was expected
	'err' does not match '^int(a|b|c|d)$'
	'aer' was expected
	'pme' was expected
	'hp' was expected
	'bw_au' was expected
	'bw_mg' was expected
	/home/weiouy01/code/Arm-SystemReady-IoT/project/Bpi-ArmSoM-S7_ir_2.1/reports/acs_results/uefi/BsaDevTree.dtb: pcie@fe180000: interrupt-names:4: 'oneOf' conditional failed, one must be fixed:
		'err' is not one of ['intr']
	from schema $id: http://devicetree.org/schemas/pci/rockchip-dw-pcie.yaml#
/home/weiouy01/code/Arm-SystemReady-IoT/project/Bpi-ArmSoM-S7_ir_2.1/reports/acs_results/uefi/BsaDevTree.dtb: pcie@fe180000: interrupt-names: ['sys', 'pmc', 'msg', 'legacy', 'err'] does not contain items matching the given schema
	from schema $id: http://devicetree.org/schemas/pci/rockchip-dw-pcie.yaml#
/home/weiouy01/code/Arm-SystemReady-IoT/project/Bpi-ArmSoM-S7_ir_2.1/reports/acs_results/uefi/BsaDevTree.dtb: pcie@fe180000: compatible:0: 'rockchip,rk3568-pcie' was expected
	from schema $id: http://devicetree.org/schemas/pci/rockchip-dw-pcie.yaml#
/home/weiouy01/code/Arm-SystemReady-IoT/project/Bpi-ArmSoM-S7_ir_2.1/reports/acs_results/uefi/BsaDevTree.dtb: pcie@fe180000: compatible: ['rockchip,rk3588-pcie', 'rockchip,rk3568-pcie'] is too long
	from schema $id: http://devicetree.org/schemas/pci/rockchip-dw-pcie.yaml#
/home/weiouy01/code/Arm-SystemReady-IoT/project/Bpi-ArmSoM-S7_ir_2.1/reports/acs_results/uefi/BsaDevTree.dtb: pcie@fe180000: clocks: [[27, 323], [27, 328], [27, 318], [27, 333], [27, 338], [27, 688]] is too long
	from schema $id: http://devicetree.org/schemas/pci/rockchip-dw-pcie.yaml#
/home/weiouy01/code/Arm-SystemReady-IoT/project/Bpi-ArmSoM-S7_ir_2.1/reports/acs_results/uefi/BsaDevTree.dtb: pcie@fe180000: clock-names: ['aclk_mst', 'aclk_slv', 'aclk_dbi', 'pclk', 'aux', 'pipe'] is too long
	from schema $id: http://devicetree.org/schemas/pci/rockchip-dw-pcie.yaml#
/home/weiouy01/code/Arm-SystemReady-IoT/project/Bpi-ArmSoM-S7_ir_2.1/reports/acs_results/uefi/BsaDevTree.dtb: pcie@fe180000: ranges: [[16777216, 0, 4077912064, 0, 4077912064, 0, 1048576], [33554432, 0, 4078960640, 0, 4078960640, 0, 14680064], [50331648, 0, 1073741824, 9, 3221225472, 0, 1073741824]] is too long
	from schema $id: http://devicetree.org/schemas/pci/rockchip-dw-pcie.yaml#
/home/weiouy01/code/Arm-SystemReady-IoT/project/Bpi-ArmSoM-S7_ir_2.1/reports/acs_results/uefi/BsaDevTree.dtb: pcie@fe180000: resets: [[27, 297], [27, 302]] is too long
	from schema $id: http://devicetree.org/schemas/pci/rockchip-dw-pcie.yaml#
/home/weiouy01/code/Arm-SystemReady-IoT/project/Bpi-ArmSoM-S7_ir_2.1/reports/acs_results/uefi/BsaDevTree.dtb: pcie@fe180000: reset-names:0: 'pipe' was expected
	from schema $id: http://devicetree.org/schemas/pci/rockchip-dw-pcie.yaml#
/home/weiouy01/code/Arm-SystemReady-IoT/project/Bpi-ArmSoM-S7_ir_2.1/reports/acs_results/uefi/BsaDevTree.dtb: pcie@fe180000: reset-names: ['pwr', 'pipe'] is too long
	from schema $id: http://devicetree.org/schemas/pci/rockchip-dw-pcie.yaml#
/home/weiouy01/code/Arm-SystemReady-IoT/project/Bpi-ArmSoM-S7_ir_2.1/reports/acs_results/uefi/BsaDevTree.dtb: pcie@fe180000: Unevaluated properties are not allowed ('#address-cells', '#interrupt-cells', '#size-cells', 'bus-range', 'clock-names', 'clocks', 'compatible', 'device_type', 'interrupt-map', 'interrupt-map-mask', 'interrupt-names', 'interrupts', 'legacy-interrupt-controller', 'linux,pci-domain', 'max-link-speed', 'ranges', 'reset-gpios', 'reset-names', 'resets' were unexpected)
	from schema $id: http://devicetree.org/schemas/pci/rockchip-dw-pcie.yaml#
/home/weiouy01/code/Arm-SystemReady-IoT/project/Bpi-ArmSoM-S7_ir_2.1/reports//acs_results/uefi/BsaDevTree.dtb: /pcie@fe180000: failed to match any schema with compatible: ['rockchip,rk3588-pcie', 'rockchip,rk3568-pcie']
/home/weiouy01/code/Arm-SystemReady-IoT/project/Bpi-ArmSoM-S7_ir_2.1/reports/acs_results/uefi/BsaDevTree.dtb: pcie@fe190000: interrupt-names:0: 'oneOf' conditional failed, one must be fixed:
	'vpd' was expected
	'l_eq' was expected
	'sys' does not match '^dma([0-9]|1[0-5])?$'
	'sft_ce' was expected
	'sft_ue' was expected
	'app' was expected
	'msi' was expected
	'sys' does not match '^int(a|b|c|d)$'
	'aer' was expected
	'pme' was expected
	'hp' was expected
	'bw_au' was expected
	'bw_mg' was expected
	/home/weiouy01/code/Arm-SystemReady-IoT/project/Bpi-ArmSoM-S7_ir_2.1/reports/acs_results/uefi/BsaDevTree.dtb: pcie@fe190000: interrupt-names:0: 'oneOf' conditional failed, one must be fixed:
		'sys' is not one of ['intr']
	from schema $id: http://devicetree.org/schemas/pci/rockchip-dw-pcie.yaml#
/home/weiouy01/code/Arm-SystemReady-IoT/project/Bpi-ArmSoM-S7_ir_2.1/reports/acs_results/uefi/BsaDevTree.dtb: pcie@fe190000: interrupt-names:1: 'oneOf' conditional failed, one must be fixed:
	'vpd' was expected
	'l_eq' was expected
	'pmc' does not match '^dma([0-9]|1[0-5])?$'
	'sft_ce' was expected
	'sft_ue' was expected
	'app' was expected
	'msi' was expected
	'pmc' does not match '^int(a|b|c|d)$'
	'aer' was expected
	'pme' was expected
	'hp' was expected
	'bw_au' was expected
	'bw_mg' was expected
	/home/weiouy01/code/Arm-SystemReady-IoT/project/Bpi-ArmSoM-S7_ir_2.1/reports/acs_results/uefi/BsaDevTree.dtb: pcie@fe190000: interrupt-names:1: 'oneOf' conditional failed, one must be fixed:
		'pmc' is not one of ['intr']
	from schema $id: http://devicetree.org/schemas/pci/rockchip-dw-pcie.yaml#
/home/weiouy01/code/Arm-SystemReady-IoT/project/Bpi-ArmSoM-S7_ir_2.1/reports/acs_results/uefi/BsaDevTree.dtb: pcie@fe190000: interrupt-names:2: 'oneOf' conditional failed, one must be fixed:
	'vpd' was expected
	'l_eq' was expected
	'msg' does not match '^dma([0-9]|1[0-5])?$'
	'sft_ce' was expected
	'sft_ue' was expected
	'app' was expected
	'msi' was expected
	'msg' does not match '^int(a|b|c|d)$'
	'aer' was expected
	'pme' was expected
	'hp' was expected
	'bw_au' was expected
	'bw_mg' was expected
	/home/weiouy01/code/Arm-SystemReady-IoT/project/Bpi-ArmSoM-S7_ir_2.1/reports/acs_results/uefi/BsaDevTree.dtb: pcie@fe190000: interrupt-names:2: 'oneOf' conditional failed, one must be fixed:
		'msg' is not one of ['intr']
	from schema $id: http://devicetree.org/schemas/pci/rockchip-dw-pcie.yaml#
/home/weiouy01/code/Arm-SystemReady-IoT/project/Bpi-ArmSoM-S7_ir_2.1/reports/acs_results/uefi/BsaDevTree.dtb: pcie@fe190000: interrupt-names:3: 'oneOf' conditional failed, one must be fixed:
	'vpd' was expected
	'l_eq' was expected
	'legacy' does not match '^dma([0-9]|1[0-5])?$'
	'sft_ce' was expected
	'sft_ue' was expected
	'app' was expected
	'msi' was expected
	'legacy' does not match '^int(a|b|c|d)$'
	'aer' was expected
	'pme' was expected
	'hp' was expected
	'bw_au' was expected
	'bw_mg' was expected
	/home/weiouy01/code/Arm-SystemReady-IoT/project/Bpi-ArmSoM-S7_ir_2.1/reports/acs_results/uefi/BsaDevTree.dtb: pcie@fe190000: interrupt-names:3: 'oneOf' conditional failed, one must be fixed:
		'legacy' is not one of ['intr']
	from schema $id: http://devicetree.org/schemas/pci/rockchip-dw-pcie.yaml#
/home/weiouy01/code/Arm-SystemReady-IoT/project/Bpi-ArmSoM-S7_ir_2.1/reports/acs_results/uefi/BsaDevTree.dtb: pcie@fe190000: interrupt-names:4: 'oneOf' conditional failed, one must be fixed:
	'vpd' was expected
	'l_eq' was expected
	'err' does not match '^dma([0-9]|1[0-5])?$'
	'sft_ce' was expected
	'sft_ue' was expected
	'app' was expected
	'msi' was expected
	'err' does not match '^int(a|b|c|d)$'
	'aer' was expected
	'pme' was expected
	'hp' was expected
	'bw_au' was expected
	'bw_mg' was expected
	/home/weiouy01/code/Arm-SystemReady-IoT/project/Bpi-ArmSoM-S7_ir_2.1/reports/acs_results/uefi/BsaDevTree.dtb: pcie@fe190000: interrupt-names:4: 'oneOf' conditional failed, one must be fixed:
		'err' is not one of ['intr']
	from schema $id: http://devicetree.org/schemas/pci/rockchip-dw-pcie.yaml#
/home/weiouy01/code/Arm-SystemReady-IoT/project/Bpi-ArmSoM-S7_ir_2.1/reports/acs_results/uefi/BsaDevTree.dtb: pcie@fe190000: interrupt-names: ['sys', 'pmc', 'msg', 'legacy', 'err'] does not contain items matching the given schema
	from schema $id: http://devicetree.org/schemas/pci/rockchip-dw-pcie.yaml#
/home/weiouy01/code/Arm-SystemReady-IoT/project/Bpi-ArmSoM-S7_ir_2.1/reports/acs_results/uefi/BsaDevTree.dtb: pcie@fe190000: compatible:0: 'rockchip,rk3568-pcie' was expected
	from schema $id: http://devicetree.org/schemas/pci/rockchip-dw-pcie.yaml#
/home/weiouy01/code/Arm-SystemReady-IoT/project/Bpi-ArmSoM-S7_ir_2.1/reports/acs_results/uefi/BsaDevTree.dtb: pcie@fe190000: compatible: ['rockchip,rk3588-pcie', 'rockchip,rk3568-pcie'] is too long
	from schema $id: http://devicetree.org/schemas/pci/rockchip-dw-pcie.yaml#
/home/weiouy01/code/Arm-SystemReady-IoT/project/Bpi-ArmSoM-S7_ir_2.1/reports/acs_results/uefi/BsaDevTree.dtb: pcie@fe190000: clocks: [[27, 324], [27, 329], [27, 319], [27, 334], [27, 339], [27, 371]] is too long
	from schema $id: http://devicetree.org/schemas/pci/rockchip-dw-pcie.yaml#
/home/weiouy01/code/Arm-SystemReady-IoT/project/Bpi-ArmSoM-S7_ir_2.1/reports/acs_results/uefi/BsaDevTree.dtb: pcie@fe190000: clock-names: ['aclk_mst', 'aclk_slv', 'aclk_dbi', 'pclk', 'aux', 'pipe'] is too long
	from schema $id: http://devicetree.org/schemas/pci/rockchip-dw-pcie.yaml#
/home/weiouy01/code/Arm-SystemReady-IoT/project/Bpi-ArmSoM-S7_ir_2.1/reports/acs_results/uefi/BsaDevTree.dtb: pcie@fe190000: ranges: [[16777216, 0, 4094689280, 0, 4094689280, 0, 1048576], [33554432, 0, 4095737856, 0, 4095737856, 0, 14680064], [50331648, 0, 1073741824, 10, 0, 0, 1073741824]] is too long
	from schema $id: http://devicetree.org/schemas/pci/rockchip-dw-pcie.yaml#
/home/weiouy01/code/Arm-SystemReady-IoT/project/Bpi-ArmSoM-S7_ir_2.1/reports/acs_results/uefi/BsaDevTree.dtb: pcie@fe190000: resets: [[27, 298], [27, 303]] is too long
	from schema $id: http://devicetree.org/schemas/pci/rockchip-dw-pcie.yaml#
/home/weiouy01/code/Arm-SystemReady-IoT/project/Bpi-ArmSoM-S7_ir_2.1/reports/acs_results/uefi/BsaDevTree.dtb: pcie@fe190000: reset-names:0: 'pipe' was expected
	from schema $id: http://devicetree.org/schemas/pci/rockchip-dw-pcie.yaml#
/home/weiouy01/code/Arm-SystemReady-IoT/project/Bpi-ArmSoM-S7_ir_2.1/reports/acs_results/uefi/BsaDevTree.dtb: pcie@fe190000: reset-names: ['pwr', 'pipe'] is too long
	from schema $id: http://devicetree.org/schemas/pci/rockchip-dw-pcie.yaml#
/home/weiouy01/code/Arm-SystemReady-IoT/project/Bpi-ArmSoM-S7_ir_2.1/reports//acs_results/uefi/BsaDevTree.dtb: /pcie@fe190000: failed to match any schema with compatible: ['rockchip,rk3588-pcie', 'rockchip,rk3568-pcie']
/home/weiouy01/code/Arm-SystemReady-IoT/project/Bpi-ArmSoM-S7_ir_2.1/reports/acs_results/uefi/BsaDevTree.dtb: sata@fe210000: clocks: [[27, 354], [27, 351], [27, 357], [27, 340], [27, 367]] is too long
	from schema $id: http://devicetree.org/schemas/ata/snps,dwc-ahci.yaml#
/home/weiouy01/code/Arm-SystemReady-IoT/project/Bpi-ArmSoM-S7_ir_2.1/reports/acs_results/uefi/BsaDevTree.dtb: sata@fe210000: clock-names: ['sata', 'pmalive', 'rxoob', 'ref', 'asic'] is too long
	from schema $id: http://devicetree.org/schemas/ata/snps,dwc-ahci.yaml#
/home/weiouy01/code/Arm-SystemReady-IoT/project/Bpi-ArmSoM-S7_ir_2.1/reports/acs_results/uefi/BsaDevTree.dtb: sata@fe210000: clock-names:4: 'oneOf' conditional failed, one must be fixed:
	'asic' is not one of ['pclk', 'aclk', 'hclk', 'sata']
	'pmalive' was expected
	'rxoob' was expected
	'ref' was expected
	from schema $id: http://devicetree.org/schemas/ata/snps,dwc-ahci.yaml#
/home/weiouy01/code/Arm-SystemReady-IoT/project/Bpi-ArmSoM-S7_ir_2.1/reports/acs_results/uefi/BsaDevTree.dtb: sata@fe210000: compatible: 'oneOf' conditional failed, one must be fixed:
	['rockchip,rk3588-dwc-ahci', 'snps,dwc-ahci'] is too long
	'snps,dwc-ahci' was expected
	'snps,spear-ahci' was expected
	'rockchip,rk3568-dwc-ahci' was expected
	from schema $id: http://devicetree.org/schemas/ata/snps,dwc-ahci.yaml#
/home/weiouy01/code/Arm-SystemReady-IoT/project/Bpi-ArmSoM-S7_ir_2.1/reports/acs_results/uefi/BsaDevTree.dtb: sata@fe210000: Unevaluated properties are not allowed ('#address-cells', '#size-cells', 'clock-names', 'clocks', 'compatible', 'interrupts', 'ports-implemented', 'reg' were unexpected)
	from schema $id: http://devicetree.org/schemas/ata/snps,dwc-ahci.yaml#
/home/weiouy01/code/Arm-SystemReady-IoT/project/Bpi-ArmSoM-S7_ir_2.1/reports//acs_results/uefi/BsaDevTree.dtb: /sata@fe210000: failed to match any schema with compatible: ['rockchip,rk3588-dwc-ahci', 'snps,dwc-ahci']
/home/weiouy01/code/Arm-SystemReady-IoT/project/Bpi-ArmSoM-S7_ir_2.1/reports/acs_results/uefi/BsaDevTree.dtb: sata@fe230000: clocks: [[27, 356], [27, 353], [27, 359], [27, 342], [27, 369]] is too long
	from schema $id: http://devicetree.org/schemas/ata/snps,dwc-ahci.yaml#
/home/weiouy01/code/Arm-SystemReady-IoT/project/Bpi-ArmSoM-S7_ir_2.1/reports/acs_results/uefi/BsaDevTree.dtb: sata@fe230000: clock-names: ['sata', 'pmalive', 'rxoob', 'ref', 'asic'] is too long
	from schema $id: http://devicetree.org/schemas/ata/snps,dwc-ahci.yaml#
/home/weiouy01/code/Arm-SystemReady-IoT/project/Bpi-ArmSoM-S7_ir_2.1/reports/acs_results/uefi/BsaDevTree.dtb: sata@fe230000: clock-names:4: 'oneOf' conditional failed, one must be fixed:
	'asic' is not one of ['pclk', 'aclk', 'hclk', 'sata']
	'pmalive' was expected
	'rxoob' was expected
	'ref' was expected
	from schema $id: http://devicetree.org/schemas/ata/snps,dwc-ahci.yaml#
/home/weiouy01/code/Arm-SystemReady-IoT/project/Bpi-ArmSoM-S7_ir_2.1/reports/acs_results/uefi/BsaDevTree.dtb: sata@fe230000: compatible: 'oneOf' conditional failed, one must be fixed:
	['rockchip,rk3588-dwc-ahci', 'snps,dwc-ahci'] is too long
	'snps,dwc-ahci' was expected
	'snps,spear-ahci' was expected
	'rockchip,rk3568-dwc-ahci' was expected
	from schema $id: http://devicetree.org/schemas/ata/snps,dwc-ahci.yaml#
/home/weiouy01/code/Arm-SystemReady-IoT/project/Bpi-ArmSoM-S7_ir_2.1/reports//acs_results/uefi/BsaDevTree.dtb: /sata@fe230000: failed to match any schema with compatible: ['rockchip,rk3588-dwc-ahci', 'snps,dwc-ahci']
/home/weiouy01/code/Arm-SystemReady-IoT/project/Bpi-ArmSoM-S7_ir_2.1/reports/acs_results/uefi/BsaDevTree.dtb: mmc@fe2e0000: Unevaluated properties are not allowed ('u-boot,spl-fifo-mode' was unexpected)
	from schema $id: http://devicetree.org/schemas/mmc/snps,dwcmshc-sdhci.yaml#
/home/weiouy01/code/Arm-SystemReady-IoT/project/Bpi-ArmSoM-S7_ir_2.1/reports/acs_results/uefi/BsaDevTree.dtb: i2s@fe490000: compatible: 'oneOf' conditional failed, one must be fixed:
	['rockchip,rk3588-i2s', 'rockchip,rk3066-i2s'] is too long
	'rockchip,rk3066-i2s' was expected
	'rockchip,rk3588-i2s' is not one of ['rockchip,px30-i2s', 'rockchip,rk1808-i2s', 'rockchip,rk3036-i2s', 'rockchip,rk3128-i2s', 'rockchip,rk3188-i2s', 'rockchip,rk3228-i2s', 'rockchip,rk3288-i2s', 'rockchip,rk3308-i2s', 'rockchip,rk3328-i2s', 'rockchip,rk3366-i2s', 'rockchip,rk3368-i2s', 'rockchip,rk3399-i2s', 'rockchip,rv1126-i2s']
	from schema $id: http://devicetree.org/schemas/sound/rockchip-i2s.yaml#
/home/weiouy01/code/Arm-SystemReady-IoT/project/Bpi-ArmSoM-S7_ir_2.1/reports//acs_results/uefi/BsaDevTree.dtb: /i2s@fe490000: failed to match any schema with compatible: ['rockchip,rk3588-i2s', 'rockchip,rk3066-i2s']
/home/weiouy01/code/Arm-SystemReady-IoT/project/Bpi-ArmSoM-S7_ir_2.1/reports/acs_results/uefi/BsaDevTree.dtb: i2s@fe4a0000: compatible: 'oneOf' conditional failed, one must be fixed:
	['rockchip,rk3588-i2s', 'rockchip,rk3066-i2s'] is too long
	'rockchip,rk3066-i2s' was expected
	'rockchip,rk3588-i2s' is not one of ['rockchip,px30-i2s', 'rockchip,rk1808-i2s', 'rockchip,rk3036-i2s', 'rockchip,rk3128-i2s', 'rockchip,rk3188-i2s', 'rockchip,rk3228-i2s', 'rockchip,rk3288-i2s', 'rockchip,rk3308-i2s', 'rockchip,rk3328-i2s', 'rockchip,rk3366-i2s', 'rockchip,rk3368-i2s', 'rockchip,rk3399-i2s', 'rockchip,rv1126-i2s']
	from schema $id: http://devicetree.org/schemas/sound/rockchip-i2s.yaml#
/home/weiouy01/code/Arm-SystemReady-IoT/project/Bpi-ArmSoM-S7_ir_2.1/reports//acs_results/uefi/BsaDevTree.dtb: /i2s@fe4a0000: failed to match any schema with compatible: ['rockchip,rk3588-i2s', 'rockchip,rk3066-i2s']
/home/weiouy01/code/Arm-SystemReady-IoT/project/Bpi-ArmSoM-S7_ir_2.1/reports/acs_results/uefi/BsaDevTree.dtb: timer@feae0000: compatible: 'oneOf' conditional failed, one must be fixed:
	['rockchip,rk3588-timer', 'rockchip,rk3288-timer'] is too long
	'rockchip,rk3288-timer' was expected
	'rockchip,rk3399-timer' was expected
	'rockchip,rk3588-timer' is not one of ['rockchip,rv1108-timer', 'rockchip,rv1126-timer', 'rockchip,rk3036-timer', 'rockchip,rk3128-timer', 'rockchip,rk3188-timer', 'rockchip,rk3228-timer', 'rockchip,rk3229-timer', 'rockchip,rk3288-timer', 'rockchip,rk3368-timer', 'rockchip,px30-timer']
	from schema $id: http://devicetree.org/schemas/timer/rockchip,rk-timer.yaml#
/home/weiouy01/code/Arm-SystemReady-IoT/project/Bpi-ArmSoM-S7_ir_2.1/reports//acs_results/uefi/BsaDevTree.dtb: /timer@feae0000: failed to match any schema with compatible: ['rockchip,rk3588-timer', 'rockchip,rk3288-timer']
/home/weiouy01/code/Arm-SystemReady-IoT/project/Bpi-ArmSoM-S7_ir_2.1/reports/acs_results/uefi/BsaDevTree.dtb: watchdog@feaf0000: compatible: 'oneOf' conditional failed, one must be fixed:
	['rockchip,rk3588-wdt', 'snps,dw-wdt'] is too long
	'snps,dw-wdt' was expected
	'rockchip,rk3588-wdt' is not one of ['rockchip,px30-wdt', 'rockchip,rk3066-wdt', 'rockchip,rk3128-wdt', 'rockchip,rk3188-wdt', 'rockchip,rk3228-wdt', 'rockchip,rk3288-wdt', 'rockchip,rk3308-wdt', 'rockchip,rk3328-wdt', 'rockchip,rk3368-wdt', 'rockchip,rk3399-wdt', 'rockchip,rk3568-wdt', 'rockchip,rv1108-wdt']
	from schema $id: http://devicetree.org/schemas/watchdog/snps,dw-wdt.yaml#
/home/weiouy01/code/Arm-SystemReady-IoT/project/Bpi-ArmSoM-S7_ir_2.1/reports/acs_results/uefi/BsaDevTree.dtb: watchdog@feaf0000: Unevaluated properties are not allowed ('compatible' was unexpected)
	from schema $id: http://devicetree.org/schemas/watchdog/snps,dw-wdt.yaml#
/home/weiouy01/code/Arm-SystemReady-IoT/project/Bpi-ArmSoM-S7_ir_2.1/reports//acs_results/uefi/BsaDevTree.dtb: /watchdog@feaf0000: failed to match any schema with compatible: ['rockchip,rk3588-wdt', 'snps,dw-wdt']
/home/weiouy01/code/Arm-SystemReady-IoT/project/Bpi-ArmSoM-S7_ir_2.1/reports//acs_results/uefi/BsaDevTree.dtb: /spi@feb20000/pmic@0: failed to match any schema with compatible: ['rockchip,rk806']
/home/weiouy01/code/Arm-SystemReady-IoT/project/Bpi-ArmSoM-S7_ir_2.1/reports//acs_results/uefi/BsaDevTree.dtb: /spi@feb20000/pmic@1: failed to match any schema with compatible: ['rockchip,rk806']
/home/weiouy01/code/Arm-SystemReady-IoT/project/Bpi-ArmSoM-S7_ir_2.1/reports/acs_results/uefi/BsaDevTree.dtb: serial@feb40000: dma-names:0: 'rx' was expected
	from schema $id: http://devicetree.org/schemas/serial/snps-dw-apb-uart.yaml#
/home/weiouy01/code/Arm-SystemReady-IoT/project/Bpi-ArmSoM-S7_ir_2.1/reports/acs_results/uefi/BsaDevTree.dtb: serial@feb40000: dma-names:1: 'tx' was expected
	from schema $id: http://devicetree.org/schemas/serial/snps-dw-apb-uart.yaml#
/home/weiouy01/code/Arm-SystemReady-IoT/project/Bpi-ArmSoM-S7_ir_2.1/reports/acs_results/uefi/BsaDevTree.dtb: serial@feb50000: dma-names:0: 'rx' was expected
	from schema $id: http://devicetree.org/schemas/serial/snps-dw-apb-uart.yaml#
/home/weiouy01/code/Arm-SystemReady-IoT/project/Bpi-ArmSoM-S7_ir_2.1/reports/acs_results/uefi/BsaDevTree.dtb: serial@feb50000: dma-names:1: 'tx' was expected
	from schema $id: http://devicetree.org/schemas/serial/snps-dw-apb-uart.yaml#
/home/weiouy01/code/Arm-SystemReady-IoT/project/Bpi-ArmSoM-S7_ir_2.1/reports/acs_results/uefi/BsaDevTree.dtb: serial@feb50000: Unevaluated properties are not allowed ('dma-names' was unexpected)
	from schema $id: http://devicetree.org/schemas/serial/snps-dw-apb-uart.yaml#
/home/weiouy01/code/Arm-SystemReady-IoT/project/Bpi-ArmSoM-S7_ir_2.1/reports/acs_results/uefi/BsaDevTree.dtb: serial@feb60000: dma-names:0: 'rx' was expected
	from schema $id: http://devicetree.org/schemas/serial/snps-dw-apb-uart.yaml#
/home/weiouy01/code/Arm-SystemReady-IoT/project/Bpi-ArmSoM-S7_ir_2.1/reports/acs_results/uefi/BsaDevTree.dtb: serial@feb60000: dma-names:1: 'tx' was expected
	from schema $id: http://devicetree.org/schemas/serial/snps-dw-apb-uart.yaml#
/home/weiouy01/code/Arm-SystemReady-IoT/project/Bpi-ArmSoM-S7_ir_2.1/reports/acs_results/uefi/BsaDevTree.dtb: serial@feb70000: dma-names:0: 'rx' was expected
	from schema $id: http://devicetree.org/schemas/serial/snps-dw-apb-uart.yaml#
/home/weiouy01/code/Arm-SystemReady-IoT/project/Bpi-ArmSoM-S7_ir_2.1/reports/acs_results/uefi/BsaDevTree.dtb: serial@feb70000: dma-names:1: 'tx' was expected
	from schema $id: http://devicetree.org/schemas/serial/snps-dw-apb-uart.yaml#
/home/weiouy01/code/Arm-SystemReady-IoT/project/Bpi-ArmSoM-S7_ir_2.1/reports/acs_results/uefi/BsaDevTree.dtb: serial@feb80000: dma-names:0: 'rx' was expected
	from schema $id: http://devicetree.org/schemas/serial/snps-dw-apb-uart.yaml#
/home/weiouy01/code/Arm-SystemReady-IoT/project/Bpi-ArmSoM-S7_ir_2.1/reports/acs_results/uefi/BsaDevTree.dtb: serial@feb80000: dma-names:1: 'tx' was expected
	from schema $id: http://devicetree.org/schemas/serial/snps-dw-apb-uart.yaml#
/home/weiouy01/code/Arm-SystemReady-IoT/project/Bpi-ArmSoM-S7_ir_2.1/reports/acs_results/uefi/BsaDevTree.dtb: serial@feb90000: dma-names:0: 'rx' was expected
	from schema $id: http://devicetree.org/schemas/serial/snps-dw-apb-uart.yaml#
/home/weiouy01/code/Arm-SystemReady-IoT/project/Bpi-ArmSoM-S7_ir_2.1/reports/acs_results/uefi/BsaDevTree.dtb: serial@feb90000: dma-names:1: 'tx' was expected
	from schema $id: http://devicetree.org/schemas/serial/snps-dw-apb-uart.yaml#
/home/weiouy01/code/Arm-SystemReady-IoT/project/Bpi-ArmSoM-S7_ir_2.1/reports/acs_results/uefi/BsaDevTree.dtb: serial@feba0000: dma-names:0: 'rx' was expected
	from schema $id: http://devicetree.org/schemas/serial/snps-dw-apb-uart.yaml#
/home/weiouy01/code/Arm-SystemReady-IoT/project/Bpi-ArmSoM-S7_ir_2.1/reports/acs_results/uefi/BsaDevTree.dtb: serial@feba0000: dma-names:1: 'tx' was expected
	from schema $id: http://devicetree.org/schemas/serial/snps-dw-apb-uart.yaml#
/home/weiouy01/code/Arm-SystemReady-IoT/project/Bpi-ArmSoM-S7_ir_2.1/reports/acs_results/uefi/BsaDevTree.dtb: serial@febb0000: dma-names:0: 'rx' was expected
	from schema $id: http://devicetree.org/schemas/serial/snps-dw-apb-uart.yaml#
/home/weiouy01/code/Arm-SystemReady-IoT/project/Bpi-ArmSoM-S7_ir_2.1/reports/acs_results/uefi/BsaDevTree.dtb: serial@febb0000: dma-names:1: 'tx' was expected
	from schema $id: http://devicetree.org/schemas/serial/snps-dw-apb-uart.yaml#
/home/weiouy01/code/Arm-SystemReady-IoT/project/Bpi-ArmSoM-S7_ir_2.1/reports/acs_results/uefi/BsaDevTree.dtb: serial@febc0000: dma-names:0: 'rx' was expected
	from schema $id: http://devicetree.org/schemas/serial/snps-dw-apb-uart.yaml#
/home/weiouy01/code/Arm-SystemReady-IoT/project/Bpi-ArmSoM-S7_ir_2.1/reports/acs_results/uefi/BsaDevTree.dtb: serial@febc0000: dma-names:1: 'tx' was expected
	from schema $id: http://devicetree.org/schemas/serial/snps-dw-apb-uart.yaml#
/home/weiouy01/code/Arm-SystemReady-IoT/project/Bpi-ArmSoM-S7_ir_2.1/reports//acs_results/uefi/BsaDevTree.dtb: /tsadc@fec00000: failed to match any schema with compatible: ['rockchip,rk3588-tsadc']
/home/weiouy01/code/Arm-SystemReady-IoT/project/Bpi-ArmSoM-S7_ir_2.1/reports//acs_results/uefi/BsaDevTree.dtb: /adc@fec10000: failed to match any schema with compatible: ['rockchip,rk3588-saradc']
/home/weiouy01/code/Arm-SystemReady-IoT/project/Bpi-ArmSoM-S7_ir_2.1/reports//acs_results/uefi/BsaDevTree.dtb: /efuse@fecc0000: failed to match any schema with compatible: ['rockchip,rk3588-otp']
/home/weiouy01/code/Arm-SystemReady-IoT/project/Bpi-ArmSoM-S7_ir_2.1/reports//acs_results/uefi/BsaDevTree.dtb: /phy@fee00000: failed to match any schema with compatible: ['rockchip,rk3588-naneng-combphy']
/home/weiouy01/code/Arm-SystemReady-IoT/project/Bpi-ArmSoM-S7_ir_2.1/reports//acs_results/uefi/BsaDevTree.dtb: /phy@fee20000: failed to match any schema with compatible: ['rockchip,rk3588-naneng-combphy']
/home/weiouy01/code/Arm-SystemReady-IoT/project/Bpi-ArmSoM-S7_ir_2.1/reports//acs_results/uefi/BsaDevTree.dtb: /video-codec@fdc70000: failed to match any schema with compatible: ['rockchip,rk3588-av1-vpu']
/home/weiouy01/code/Arm-SystemReady-IoT/project/Bpi-ArmSoM-S7_ir_2.1/reports//acs_results/uefi/BsaDevTree.dtb: /syscon@fd5c0000: failed to match any schema with compatible: ['rockchip,rk3588-pipe-phy-grf', 'syscon']
/home/weiouy01/code/Arm-SystemReady-IoT/project/Bpi-ArmSoM-S7_ir_2.1/reports/acs_results/uefi/BsaDevTree.dtb: pcie@fe150000: interrupt-names:0: 'oneOf' conditional failed, one must be fixed:
	'vpd' was expected
	'l_eq' was expected
	'sys' does not match '^dma([0-9]|1[0-5])?$'
	'sft_ce' was expected
	'sft_ue' was expected
	'app' was expected
	'msi' was expected
	'sys' does not match '^int(a|b|c|d)$'
	'aer' was expected
	'pme' was expected
	'hp' was expected
	'bw_au' was expected
	'bw_mg' was expected
	/home/weiouy01/code/Arm-SystemReady-IoT/project/Bpi-ArmSoM-S7_ir_2.1/reports/acs_results/uefi/BsaDevTree.dtb: pcie@fe150000: interrupt-names:0: 'oneOf' conditional failed, one must be fixed:
		'sys' is not one of ['intr']
	from schema $id: http://devicetree.org/schemas/pci/rockchip-dw-pcie.yaml#
/home/weiouy01/code/Arm-SystemReady-IoT/project/Bpi-ArmSoM-S7_ir_2.1/reports/acs_results/uefi/BsaDevTree.dtb: pcie@fe150000: interrupt-names:1: 'oneOf' conditional failed, one must be fixed:
	'vpd' was expected
	'l_eq' was expected
	'pmc' does not match '^dma([0-9]|1[0-5])?$'
	'sft_ce' was expected
	'sft_ue' was expected
	'app' was expected
	'msi' was expected
	'pmc' does not match '^int(a|b|c|d)$'
	'aer' was expected
	'pme' was expected
	'hp' was expected
	'bw_au' was expected
	'bw_mg' was expected
	/home/weiouy01/code/Arm-SystemReady-IoT/project/Bpi-ArmSoM-S7_ir_2.1/reports/acs_results/uefi/BsaDevTree.dtb: pcie@fe150000: interrupt-names:1: 'oneOf' conditional failed, one must be fixed:
		'pmc' is not one of ['intr']
	from schema $id: http://devicetree.org/schemas/pci/rockchip-dw-pcie.yaml#
/home/weiouy01/code/Arm-SystemReady-IoT/project/Bpi-ArmSoM-S7_ir_2.1/reports/acs_results/uefi/BsaDevTree.dtb: pcie@fe150000: interrupt-names:2: 'oneOf' conditional failed, one must be fixed:
	'vpd' was expected
	'l_eq' was expected
	'msg' does not match '^dma([0-9]|1[0-5])?$'
	'sft_ce' was expected
	'sft_ue' was expected
	'app' was expected
	'msi' was expected
	'msg' does not match '^int(a|b|c|d)$'
	'aer' was expected
	'pme' was expected
	'hp' was expected
	'bw_au' was expected
	'bw_mg' was expected
	/home/weiouy01/code/Arm-SystemReady-IoT/project/Bpi-ArmSoM-S7_ir_2.1/reports/acs_results/uefi/BsaDevTree.dtb: pcie@fe150000: interrupt-names:2: 'oneOf' conditional failed, one must be fixed:
		'msg' is not one of ['intr']
	from schema $id: http://devicetree.org/schemas/pci/rockchip-dw-pcie.yaml#
/home/weiouy01/code/Arm-SystemReady-IoT/project/Bpi-ArmSoM-S7_ir_2.1/reports/acs_results/uefi/BsaDevTree.dtb: pcie@fe150000: interrupt-names:3: 'oneOf' conditional failed, one must be fixed:
	'vpd' was expected
	'l_eq' was expected
	'legacy' does not match '^dma([0-9]|1[0-5])?$'
	'sft_ce' was expected
	'sft_ue' was expected
	'app' was expected
	'msi' was expected
	'legacy' does not match '^int(a|b|c|d)$'
	'aer' was expected
	'pme' was expected
	'hp' was expected
	'bw_au' was expected
	'bw_mg' was expected
	/home/weiouy01/code/Arm-SystemReady-IoT/project/Bpi-ArmSoM-S7_ir_2.1/reports/acs_results/uefi/BsaDevTree.dtb: pcie@fe150000: interrupt-names:3: 'oneOf' conditional failed, one must be fixed:
		'legacy' is not one of ['intr']
	from schema $id: http://devicetree.org/schemas/pci/rockchip-dw-pcie.yaml#
/home/weiouy01/code/Arm-SystemReady-IoT/project/Bpi-ArmSoM-S7_ir_2.1/reports/acs_results/uefi/BsaDevTree.dtb: pcie@fe150000: interrupt-names:4: 'oneOf' conditional failed, one must be fixed:
	'vpd' was expected
	'l_eq' was expected
	'err' does not match '^dma([0-9]|1[0-5])?$'
	'sft_ce' was expected
	'sft_ue' was expected
	'app' was expected
	'msi' was expected
	'err' does not match '^int(a|b|c|d)$'
	'aer' was expected
	'pme' was expected
	'hp' was expected
	'bw_au' was expected
	'bw_mg' was expected
	/home/weiouy01/code/Arm-SystemReady-IoT/project/Bpi-ArmSoM-S7_ir_2.1/reports/acs_results/uefi/BsaDevTree.dtb: pcie@fe150000: interrupt-names:4: 'oneOf' conditional failed, one must be fixed:
		'err' is not one of ['intr']
	from schema $id: http://devicetree.org/schemas/pci/rockchip-dw-pcie.yaml#
/home/weiouy01/code/Arm-SystemReady-IoT/project/Bpi-ArmSoM-S7_ir_2.1/reports/acs_results/uefi/BsaDevTree.dtb: pcie@fe150000: interrupt-names: ['sys', 'pmc', 'msg', 'legacy', 'err'] does not contain items matching the given schema
	from schema $id: http://devicetree.org/schemas/pci/rockchip-dw-pcie.yaml#
/home/weiouy01/code/Arm-SystemReady-IoT/project/Bpi-ArmSoM-S7_ir_2.1/reports/acs_results/uefi/BsaDevTree.dtb: pcie@fe150000: compatible:0: 'rockchip,rk3568-pcie' was expected
	from schema $id: http://devicetree.org/schemas/pci/rockchip-dw-pcie.yaml#
/home/weiouy01/code/Arm-SystemReady-IoT/project/Bpi-ArmSoM-S7_ir_2.1/reports/acs_results/uefi/BsaDevTree.dtb: pcie@fe150000: compatible: ['rockchip,rk3588-pcie', 'rockchip,rk3568-pcie'] is too long
	from schema $id: http://devicetree.org/schemas/pci/rockchip-dw-pcie.yaml#
/home/weiouy01/code/Arm-SystemReady-IoT/project/Bpi-ArmSoM-S7_ir_2.1/reports/acs_results/uefi/BsaDevTree.dtb: pcie@fe150000: clocks: [[27, 320], [27, 325], [27, 315], [27, 330], [27, 335], [27, 372]] is too long
	from schema $id: http://devicetree.org/schemas/pci/rockchip-dw-pcie.yaml#
/home/weiouy01/code/Arm-SystemReady-IoT/project/Bpi-ArmSoM-S7_ir_2.1/reports/acs_results/uefi/BsaDevTree.dtb: pcie@fe150000: clock-names: ['aclk_mst', 'aclk_slv', 'aclk_dbi', 'pclk', 'aux', 'pipe'] is too long
	from schema $id: http://devicetree.org/schemas/pci/rockchip-dw-pcie.yaml#
/home/weiouy01/code/Arm-SystemReady-IoT/project/Bpi-ArmSoM-S7_ir_2.1/reports/acs_results/uefi/BsaDevTree.dtb: pcie@fe150000: ranges: [[16777216, 0, 4027580416, 0, 4027580416, 0, 1048576], [33554432, 0, 4028628992, 0, 4028628992, 0, 14680064], [50331648, 0, 1073741824, 9, 0, 0, 1073741824]] is too long
	from schema $id: http://devicetree.org/schemas/pci/rockchip-dw-pcie.yaml#
/home/weiouy01/code/Arm-SystemReady-IoT/project/Bpi-ArmSoM-S7_ir_2.1/reports/acs_results/uefi/BsaDevTree.dtb: pcie@fe150000: resets: [[27, 294], [27, 299]] is too long
	from schema $id: http://devicetree.org/schemas/pci/rockchip-dw-pcie.yaml#
/home/weiouy01/code/Arm-SystemReady-IoT/project/Bpi-ArmSoM-S7_ir_2.1/reports/acs_results/uefi/BsaDevTree.dtb: pcie@fe150000: reset-names:0: 'pipe' was expected
	from schema $id: http://devicetree.org/schemas/pci/rockchip-dw-pcie.yaml#
/home/weiouy01/code/Arm-SystemReady-IoT/project/Bpi-ArmSoM-S7_ir_2.1/reports/acs_results/uefi/BsaDevTree.dtb: pcie@fe150000: reset-names: ['pwr', 'pipe'] is too long
	from schema $id: http://devicetree.org/schemas/pci/rockchip-dw-pcie.yaml#
/home/weiouy01/code/Arm-SystemReady-IoT/project/Bpi-ArmSoM-S7_ir_2.1/reports/acs_results/uefi/BsaDevTree.dtb: pcie@fe150000: Unevaluated properties are not allowed ('#address-cells', '#interrupt-cells', '#size-cells', 'bus-range', 'clock-names', 'clocks', 'compatible', 'device_type', 'interrupt-map', 'interrupt-map-mask', 'interrupt-names', 'interrupts', 'legacy-interrupt-controller', 'linux,pci-domain', 'max-link-speed', 'ranges', 'reset-gpios', 'reset-names', 'resets' were unexpected)
	from schema $id: http://devicetree.org/schemas/pci/rockchip-dw-pcie.yaml#
/home/weiouy01/code/Arm-SystemReady-IoT/project/Bpi-ArmSoM-S7_ir_2.1/reports//acs_results/uefi/BsaDevTree.dtb: /pcie@fe150000: failed to match any schema with compatible: ['rockchip,rk3588-pcie', 'rockchip,rk3568-pcie']
/home/weiouy01/code/Arm-SystemReady-IoT/project/Bpi-ArmSoM-S7_ir_2.1/reports/acs_results/uefi/BsaDevTree.dtb: pcie@fe160000: interrupt-names:0: 'oneOf' conditional failed, one must be fixed:
	'vpd' was expected
	'l_eq' was expected
	'sys' does not match '^dma([0-9]|1[0-5])?$'
	'sft_ce' was expected
	'sft_ue' was expected
	'app' was expected
	'msi' was expected
	'sys' does not match '^int(a|b|c|d)$'
	'aer' was expected
	'pme' was expected
	'hp' was expected
	'bw_au' was expected
	'bw_mg' was expected
	/home/weiouy01/code/Arm-SystemReady-IoT/project/Bpi-ArmSoM-S7_ir_2.1/reports/acs_results/uefi/BsaDevTree.dtb: pcie@fe160000: interrupt-names:0: 'oneOf' conditional failed, one must be fixed:
		'sys' is not one of ['intr']
	from schema $id: http://devicetree.org/schemas/pci/rockchip-dw-pcie.yaml#
/home/weiouy01/code/Arm-SystemReady-IoT/project/Bpi-ArmSoM-S7_ir_2.1/reports/acs_results/uefi/BsaDevTree.dtb: pcie@fe160000: interrupt-names:1: 'oneOf' conditional failed, one must be fixed:
	'vpd' was expected
	'l_eq' was expected
	'pmc' does not match '^dma([0-9]|1[0-5])?$'
	'sft_ce' was expected
	'sft_ue' was expected
	'app' was expected
	'msi' was expected
	'pmc' does not match '^int(a|b|c|d)$'
	'aer' was expected
	'pme' was expected
	'hp' was expected
	'bw_au' was expected
	'bw_mg' was expected
	/home/weiouy01/code/Arm-SystemReady-IoT/project/Bpi-ArmSoM-S7_ir_2.1/reports/acs_results/uefi/BsaDevTree.dtb: pcie@fe160000: interrupt-names:1: 'oneOf' conditional failed, one must be fixed:
		'pmc' is not one of ['intr']
	from schema $id: http://devicetree.org/schemas/pci/rockchip-dw-pcie.yaml#
/home/weiouy01/code/Arm-SystemReady-IoT/project/Bpi-ArmSoM-S7_ir_2.1/reports/acs_results/uefi/BsaDevTree.dtb: pcie@fe160000: interrupt-names:2: 'oneOf' conditional failed, one must be fixed:
	'vpd' was expected
	'l_eq' was expected
	'msg' does not match '^dma([0-9]|1[0-5])?$'
	'sft_ce' was expected
	'sft_ue' was expected
	'app' was expected
	'msi' was expected
	'msg' does not match '^int(a|b|c|d)$'
	'aer' was expected
	'pme' was expected
	'hp' was expected
	'bw_au' was expected
	'bw_mg' was expected
	/home/weiouy01/code/Arm-SystemReady-IoT/project/Bpi-ArmSoM-S7_ir_2.1/reports/acs_results/uefi/BsaDevTree.dtb: pcie@fe160000: interrupt-names:2: 'oneOf' conditional failed, one must be fixed:
		'msg' is not one of ['intr']
	from schema $id: http://devicetree.org/schemas/pci/rockchip-dw-pcie.yaml#
/home/weiouy01/code/Arm-SystemReady-IoT/project/Bpi-ArmSoM-S7_ir_2.1/reports/acs_results/uefi/BsaDevTree.dtb: pcie@fe160000: interrupt-names:3: 'oneOf' conditional failed, one must be fixed:
	'vpd' was expected
	'l_eq' was expected
	'legacy' does not match '^dma([0-9]|1[0-5])?$'
	'sft_ce' was expected
	'sft_ue' was expected
	'app' was expected
	'msi' was expected
	'legacy' does not match '^int(a|b|c|d)$'
	'aer' was expected
	'pme' was expected
	'hp' was expected
	'bw_au' was expected
	'bw_mg' was expected
	/home/weiouy01/code/Arm-SystemReady-IoT/project/Bpi-ArmSoM-S7_ir_2.1/reports/acs_results/uefi/BsaDevTree.dtb: pcie@fe160000: interrupt-names:3: 'oneOf' conditional failed, one must be fixed:
		'legacy' is not one of ['intr']
	from schema $id: http://devicetree.org/schemas/pci/rockchip-dw-pcie.yaml#
/home/weiouy01/code/Arm-SystemReady-IoT/project/Bpi-ArmSoM-S7_ir_2.1/reports/acs_results/uefi/BsaDevTree.dtb: pcie@fe160000: interrupt-names:4: 'oneOf' conditional failed, one must be fixed:
	'vpd' was expected
	'l_eq' was expected
	'err' does not match '^dma([0-9]|1[0-5])?$'
	'sft_ce' was expected
	'sft_ue' was expected
	'app' was expected
	'msi' was expected
	'err' does not match '^int(a|b|c|d)$'
	'aer' was expected
	'pme' was expected
	'hp' was expected
	'bw_au' was expected
	'bw_mg' was expected
	/home/weiouy01/code/Arm-SystemReady-IoT/project/Bpi-ArmSoM-S7_ir_2.1/reports/acs_results/uefi/BsaDevTree.dtb: pcie@fe160000: interrupt-names:4: 'oneOf' conditional failed, one must be fixed:
		'err' is not one of ['intr']
	from schema $id: http://devicetree.org/schemas/pci/rockchip-dw-pcie.yaml#
/home/weiouy01/code/Arm-SystemReady-IoT/project/Bpi-ArmSoM-S7_ir_2.1/reports/acs_results/uefi/BsaDevTree.dtb: pcie@fe160000: interrupt-names: ['sys', 'pmc', 'msg', 'legacy', 'err'] does not contain items matching the given schema
	from schema $id: http://devicetree.org/schemas/pci/rockchip-dw-pcie.yaml#
/home/weiouy01/code/Arm-SystemReady-IoT/project/Bpi-ArmSoM-S7_ir_2.1/reports/acs_results/uefi/BsaDevTree.dtb: pcie@fe160000: compatible:0: 'rockchip,rk3568-pcie' was expected
	from schema $id: http://devicetree.org/schemas/pci/rockchip-dw-pcie.yaml#
/home/weiouy01/code/Arm-SystemReady-IoT/project/Bpi-ArmSoM-S7_ir_2.1/reports/acs_results/uefi/BsaDevTree.dtb: pcie@fe160000: compatible: ['rockchip,rk3588-pcie', 'rockchip,rk3568-pcie'] is too long
	from schema $id: http://devicetree.org/schemas/pci/rockchip-dw-pcie.yaml#
/home/weiouy01/code/Arm-SystemReady-IoT/project/Bpi-ArmSoM-S7_ir_2.1/reports/acs_results/uefi/BsaDevTree.dtb: pcie@fe160000: clocks: [[27, 321], [27, 326], [27, 316], [27, 331], [27, 336], [27, 373]] is too long
	from schema $id: http://devicetree.org/schemas/pci/rockchip-dw-pcie.yaml#
/home/weiouy01/code/Arm-SystemReady-IoT/project/Bpi-ArmSoM-S7_ir_2.1/reports/acs_results/uefi/BsaDevTree.dtb: pcie@fe160000: clock-names: ['aclk_mst', 'aclk_slv', 'aclk_dbi', 'pclk', 'aux', 'pipe'] is too long
	from schema $id: http://devicetree.org/schemas/pci/rockchip-dw-pcie.yaml#
/home/weiouy01/code/Arm-SystemReady-IoT/project/Bpi-ArmSoM-S7_ir_2.1/reports/acs_results/uefi/BsaDevTree.dtb: pcie@fe160000: ranges: [[16777216, 0, 4044357632, 0, 4044357632, 0, 1048576], [33554432, 0, 4045406208, 0, 4045406208, 0, 14680064], [50331648, 0, 1073741824, 9, 1073741824, 0, 1073741824]] is too long
	from schema $id: http://devicetree.org/schemas/pci/rockchip-dw-pcie.yaml#
/home/weiouy01/code/Arm-SystemReady-IoT/project/Bpi-ArmSoM-S7_ir_2.1/reports/acs_results/uefi/BsaDevTree.dtb: pcie@fe160000: resets: [[27, 295], [27, 300]] is too long
	from schema $id: http://devicetree.org/schemas/pci/rockchip-dw-pcie.yaml#
/home/weiouy01/code/Arm-SystemReady-IoT/project/Bpi-ArmSoM-S7_ir_2.1/reports/acs_results/uefi/BsaDevTree.dtb: pcie@fe160000: reset-names:0: 'pipe' was expected
	from schema $id: http://devicetree.org/schemas/pci/rockchip-dw-pcie.yaml#
/home/weiouy01/code/Arm-SystemReady-IoT/project/Bpi-ArmSoM-S7_ir_2.1/reports/acs_results/uefi/BsaDevTree.dtb: pcie@fe160000: reset-names: ['pwr', 'pipe'] is too long
	from schema $id: http://devicetree.org/schemas/pci/rockchip-dw-pcie.yaml#
/home/weiouy01/code/Arm-SystemReady-IoT/project/Bpi-ArmSoM-S7_ir_2.1/reports//acs_results/uefi/BsaDevTree.dtb: /pcie@fe160000: failed to match any schema with compatible: ['rockchip,rk3588-pcie', 'rockchip,rk3568-pcie']
/home/weiouy01/code/Arm-SystemReady-IoT/project/Bpi-ArmSoM-S7_ir_2.1/reports/acs_results/uefi/BsaDevTree.dtb: pcie@fe170000: interrupt-names:0: 'oneOf' conditional failed, one must be fixed:
	'vpd' was expected
	'l_eq' was expected
	'sys' does not match '^dma([0-9]|1[0-5])?$'
	'sft_ce' was expected
	'sft_ue' was expected
	'app' was expected
	'msi' was expected
	'sys' does not match '^int(a|b|c|d)$'
	'aer' was expected
	'pme' was expected
	'hp' was expected
	'bw_au' was expected
	'bw_mg' was expected
	/home/weiouy01/code/Arm-SystemReady-IoT/project/Bpi-ArmSoM-S7_ir_2.1/reports/acs_results/uefi/BsaDevTree.dtb: pcie@fe170000: interrupt-names:0: 'oneOf' conditional failed, one must be fixed:
		'sys' is not one of ['intr']
	from schema $id: http://devicetree.org/schemas/pci/rockchip-dw-pcie.yaml#
/home/weiouy01/code/Arm-SystemReady-IoT/project/Bpi-ArmSoM-S7_ir_2.1/reports/acs_results/uefi/BsaDevTree.dtb: pcie@fe170000: interrupt-names:1: 'oneOf' conditional failed, one must be fixed:
	'vpd' was expected
	'l_eq' was expected
	'pmc' does not match '^dma([0-9]|1[0-5])?$'
	'sft_ce' was expected
	'sft_ue' was expected
	'app' was expected
	'msi' was expected
	'pmc' does not match '^int(a|b|c|d)$'
	'aer' was expected
	'pme' was expected
	'hp' was expected
	'bw_au' was expected
	'bw_mg' was expected
	/home/weiouy01/code/Arm-SystemReady-IoT/project/Bpi-ArmSoM-S7_ir_2.1/reports/acs_results/uefi/BsaDevTree.dtb: pcie@fe170000: interrupt-names:1: 'oneOf' conditional failed, one must be fixed:
		'pmc' is not one of ['intr']
	from schema $id: http://devicetree.org/schemas/pci/rockchip-dw-pcie.yaml#
/home/weiouy01/code/Arm-SystemReady-IoT/project/Bpi-ArmSoM-S7_ir_2.1/reports/acs_results/uefi/BsaDevTree.dtb: pcie@fe170000: interrupt-names:2: 'oneOf' conditional failed, one must be fixed:
	'vpd' was expected
	'l_eq' was expected
	'msg' does not match '^dma([0-9]|1[0-5])?$'
	'sft_ce' was expected
	'sft_ue' was expected
	'app' was expected
	'msi' was expected
	'msg' does not match '^int(a|b|c|d)$'
	'aer' was expected
	'pme' was expected
	'hp' was expected
	'bw_au' was expected
	'bw_mg' was expected
	/home/weiouy01/code/Arm-SystemReady-IoT/project/Bpi-ArmSoM-S7_ir_2.1/reports/acs_results/uefi/BsaDevTree.dtb: pcie@fe170000: interrupt-names:2: 'oneOf' conditional failed, one must be fixed:
		'msg' is not one of ['intr']
	from schema $id: http://devicetree.org/schemas/pci/rockchip-dw-pcie.yaml#
/home/weiouy01/code/Arm-SystemReady-IoT/project/Bpi-ArmSoM-S7_ir_2.1/reports/acs_results/uefi/BsaDevTree.dtb: pcie@fe170000: interrupt-names:3: 'oneOf' conditional failed, one must be fixed:
	'vpd' was expected
	'l_eq' was expected
	'legacy' does not match '^dma([0-9]|1[0-5])?$'
	'sft_ce' was expected
	'sft_ue' was expected
	'app' was expected
	'msi' was expected
	'legacy' does not match '^int(a|b|c|d)$'
	'aer' was expected
	'pme' was expected
	'hp' was expected
	'bw_au' was expected
	'bw_mg' was expected
	/home/weiouy01/code/Arm-SystemReady-IoT/project/Bpi-ArmSoM-S7_ir_2.1/reports/acs_results/uefi/BsaDevTree.dtb: pcie@fe170000: interrupt-names:3: 'oneOf' conditional failed, one must be fixed:
		'legacy' is not one of ['intr']
	from schema $id: http://devicetree.org/schemas/pci/rockchip-dw-pcie.yaml#
/home/weiouy01/code/Arm-SystemReady-IoT/project/Bpi-ArmSoM-S7_ir_2.1/reports/acs_results/uefi/BsaDevTree.dtb: pcie@fe170000: interrupt-names:4: 'oneOf' conditional failed, one must be fixed:
	'vpd' was expected
	'l_eq' was expected
	'err' does not match '^dma([0-9]|1[0-5])?$'
	'sft_ce' was expected
	'sft_ue' was expected
	'app' was expected
	'msi' was expected
	'err' does not match '^int(a|b|c|d)$'
	'aer' was expected
	'pme' was expected
	'hp' was expected
	'bw_au' was expected
	'bw_mg' was expected
	/home/weiouy01/code/Arm-SystemReady-IoT/project/Bpi-ArmSoM-S7_ir_2.1/reports/acs_results/uefi/BsaDevTree.dtb: pcie@fe170000: interrupt-names:4: 'oneOf' conditional failed, one must be fixed:
		'err' is not one of ['intr']
	from schema $id: http://devicetree.org/schemas/pci/rockchip-dw-pcie.yaml#
/home/weiouy01/code/Arm-SystemReady-IoT/project/Bpi-ArmSoM-S7_ir_2.1/reports/acs_results/uefi/BsaDevTree.dtb: pcie@fe170000: interrupt-names: ['sys', 'pmc', 'msg', 'legacy', 'err'] does not contain items matching the given schema
	from schema $id: http://devicetree.org/schemas/pci/rockchip-dw-pcie.yaml#
/home/weiouy01/code/Arm-SystemReady-IoT/project/Bpi-ArmSoM-S7_ir_2.1/reports/acs_results/uefi/BsaDevTree.dtb: pcie@fe170000: compatible:0: 'rockchip,rk3568-pcie' was expected
	from schema $id: http://devicetree.org/schemas/pci/rockchip-dw-pcie.yaml#
/home/weiouy01/code/Arm-SystemReady-IoT/project/Bpi-ArmSoM-S7_ir_2.1/reports/acs_results/uefi/BsaDevTree.dtb: pcie@fe170000: compatible: ['rockchip,rk3588-pcie', 'rockchip,rk3568-pcie'] is too long
	from schema $id: http://devicetree.org/schemas/pci/rockchip-dw-pcie.yaml#
/home/weiouy01/code/Arm-SystemReady-IoT/project/Bpi-ArmSoM-S7_ir_2.1/reports/acs_results/uefi/BsaDevTree.dtb: pcie@fe170000: clocks: [[27, 322], [27, 327], [27, 317], [27, 332], [27, 337], [27, 687]] is too long
	from schema $id: http://devicetree.org/schemas/pci/rockchip-dw-pcie.yaml#
/home/weiouy01/code/Arm-SystemReady-IoT/project/Bpi-ArmSoM-S7_ir_2.1/reports/acs_results/uefi/BsaDevTree.dtb: pcie@fe170000: clock-names: ['aclk_mst', 'aclk_slv', 'aclk_dbi', 'pclk', 'aux', 'pipe'] is too long
	from schema $id: http://devicetree.org/schemas/pci/rockchip-dw-pcie.yaml#
/home/weiouy01/code/Arm-SystemReady-IoT/project/Bpi-ArmSoM-S7_ir_2.1/reports/acs_results/uefi/BsaDevTree.dtb: pcie@fe170000: ranges: [[16777216, 0, 4061134848, 0, 4061134848, 0, 1048576], [33554432, 0, 4062183424, 0, 4062183424, 0, 14680064], [50331648, 0, 1073741824, 9, 2147483648, 0, 1073741824]] is too long
	from schema $id: http://devicetree.org/schemas/pci/rockchip-dw-pcie.yaml#
/home/weiouy01/code/Arm-SystemReady-IoT/project/Bpi-ArmSoM-S7_ir_2.1/reports/acs_results/uefi/BsaDevTree.dtb: pcie@fe170000: resets: [[27, 296], [27, 301]] is too long
	from schema $id: http://devicetree.org/schemas/pci/rockchip-dw-pcie.yaml#
/home/weiouy01/code/Arm-SystemReady-IoT/project/Bpi-ArmSoM-S7_ir_2.1/reports/acs_results/uefi/BsaDevTree.dtb: pcie@fe170000: reset-names:0: 'pipe' was expected
	from schema $id: http://devicetree.org/schemas/pci/rockchip-dw-pcie.yaml#
/home/weiouy01/code/Arm-SystemReady-IoT/project/Bpi-ArmSoM-S7_ir_2.1/reports/acs_results/uefi/BsaDevTree.dtb: pcie@fe170000: reset-names: ['pwr', 'pipe'] is too long
	from schema $id: http://devicetree.org/schemas/pci/rockchip-dw-pcie.yaml#
/home/weiouy01/code/Arm-SystemReady-IoT/project/Bpi-ArmSoM-S7_ir_2.1/reports//acs_results/uefi/BsaDevTree.dtb: /pcie@fe170000: failed to match any schema with compatible: ['rockchip,rk3588-pcie', 'rockchip,rk3568-pcie']
/home/weiouy01/code/Arm-SystemReady-IoT/project/Bpi-ArmSoM-S7_ir_2.1/reports/acs_results/uefi/BsaDevTree.dtb: sata@fe220000: clocks: [[27, 355], [27, 352], [27, 358], [27, 341], [27, 368]] is too long
	from schema $id: http://devicetree.org/schemas/ata/snps,dwc-ahci.yaml#
/home/weiouy01/code/Arm-SystemReady-IoT/project/Bpi-ArmSoM-S7_ir_2.1/reports/acs_results/uefi/BsaDevTree.dtb: sata@fe220000: clock-names: ['sata', 'pmalive', 'rxoob', 'ref', 'asic'] is too long
	from schema $id: http://devicetree.org/schemas/ata/snps,dwc-ahci.yaml#
/home/weiouy01/code/Arm-SystemReady-IoT/project/Bpi-ArmSoM-S7_ir_2.1/reports/acs_results/uefi/BsaDevTree.dtb: sata@fe220000: clock-names:4: 'oneOf' conditional failed, one must be fixed:
	'asic' is not one of ['pclk', 'aclk', 'hclk', 'sata']
	'pmalive' was expected
	'rxoob' was expected
	'ref' was expected
	from schema $id: http://devicetree.org/schemas/ata/snps,dwc-ahci.yaml#
/home/weiouy01/code/Arm-SystemReady-IoT/project/Bpi-ArmSoM-S7_ir_2.1/reports/acs_results/uefi/BsaDevTree.dtb: sata@fe220000: compatible: 'oneOf' conditional failed, one must be fixed:
	['rockchip,rk3588-dwc-ahci', 'snps,dwc-ahci'] is too long
	'snps,dwc-ahci' was expected
	'snps,spear-ahci' was expected
	'rockchip,rk3568-dwc-ahci' was expected
	from schema $id: http://devicetree.org/schemas/ata/snps,dwc-ahci.yaml#
/home/weiouy01/code/Arm-SystemReady-IoT/project/Bpi-ArmSoM-S7_ir_2.1/reports//acs_results/uefi/BsaDevTree.dtb: /sata@fe220000: failed to match any schema with compatible: ['rockchip,rk3588-dwc-ahci', 'snps,dwc-ahci']
/home/weiouy01/code/Arm-SystemReady-IoT/project/Bpi-ArmSoM-S7_ir_2.1/reports//acs_results/uefi/BsaDevTree.dtb: /phy@fee10000: failed to match any schema with compatible: ['rockchip,rk3588-naneng-combphy']
/home/weiouy01/code/Arm-SystemReady-IoT/project/Bpi-ArmSoM-S7_ir_2.1/reports//acs_results/uefi/BsaDevTree.dtb: /phy@fee80000: failed to match any schema with compatible: ['rockchip,rk3588-pcie3-phy']
/home/weiouy01/code/Arm-SystemReady-IoT/project/Bpi-ArmSoM-S7_ir_2.1/reports/acs_results/uefi/BsaDevTree.dtb: chosen: u-boot,spl-boot-order: b'same-as-spl\x00/mmc@fe2e0000\x00' is not of type 'object', 'array', 'boolean', 'null'
	from schema $id: http://devicetree.org/schemas/dt-core.yaml#
/home/weiouy01/code/Arm-SystemReady-IoT/project/Bpi-ArmSoM-S7_ir_2.1/reports/acs_results/uefi/BsaDevTree.dtb: chosen: 'u-boot,spl-boot-order' does not match any of the regexes: '^framebuffer', 'pinctrl-[0-9]+'
	from schema $id: http://devicetree.org/schemas/chosen.yaml#
