           CPU0       CPU1       CPU2       CPU3       
  9:          0          0          0          0     GICv3  25 Level     vgic
 11:          0          0          0          0     GICv3  30 Level     kvm guest ptimer
 12:          0          0          0          0     GICv3  27 Level     kvm guest vtimer
 13:       1189       1202       1184       1031     GICv3  26 Level     arch_timer
 19:          0          0          0          0     GICv3 167 Level     rockchip_usb2phy
 20:          0          0          0          0     GICv3 168 Level     rockchip_usb2phy
 21:          0          0          0          0     GICv3  46 Level     fe530000.dma-controller
 22:          0          0          0          0     GICv3  45 Level     fe530000.dma-controller
 23:          0          0          0          0     GICv3  48 Level     fe550000.dma-controller
 24:          0          0          0          0     GICv3  47 Level     fe550000.dma-controller
 25:        200          0          0          0     GICv3 150 Level     ttyS2
 26:          0          0          0          0     GICv3 170 Level     fdea0800.iommu
 27:          0          0          0          0     GICv3  95 Level     fdee0800.iommu
 28:          0          0          0          0     GICv3 180 Level     fe043e00.iommu
 29:       1704          0          0          0     GICv3  78 Level     fdd40000.i2c
 30:          0          0          0          0     GICv3  79 Level     fe5a0000.i2c
 31:          0          0          0          0     GICv3 181 Edge      fe600000.watchdog
 32:          0          0          0          0     GICv3 131 Level     dw-mci
 33:        772          0          0          0     GICv3  51 Level     mmc0
 34:          0          0          0          0     GICv3 260 Level     arm-pmu
 35:          0          0          0          0     GICv3 261 Level     arm-pmu
 36:          0          0          0          0     GICv3 262 Level     arm-pmu
 37:          0          0          0          0     GICv3 263 Level     arm-pmu
 38:          0          0          0          0     GICv3 201 Level     xhci-hcd:usb1
 39:          0          0          0          0     GICv3 162 Level     ehci_hcd:usb3
 40:          0          0          0          0     GICv3 165 Level     ehci_hcd:usb4
 41:          0          0          0          0     GICv3 163 Level     ohci_hcd:usb5
 42:          0          0          0          0  rockchip_gpio_irq   3 Level     rk817
 43:          0          0          0          0     GICv3 166 Level     ohci_hcd:usb6
 68:       3507          0          0          0     GICv3 130 Level     dw-mci
 69:          0          0          0          0  rockchip_gpio_irq   4 Edge      fe2b0000.mmc cd
IPI0:       122        354        228        278       Rescheduling interrupts
IPI1:       741       1515        662        990       Function call interrupts
IPI2:         0          0          0          0       CPU stop interrupts
IPI3:         0          0          0          0       CPU stop (for crash dump) interrupts
IPI4:         0          0          0          0       Timer broadcast interrupts
IPI5:        47         47         28         22       IRQ work interrupts
IPI6:         0          0          0          0       CPU wake-up interrupts
Err:          0
