[   95.347144]  PE_INFO: Number of PE detected       :    8 
[   95.348162]  PCIE_INFO: Number of ECAM regions    :    0 
[   95.349078]  Peripheral: Num of USB controllers   :    0 
[   95.349948]  Peripheral: Num of SATA controllers  :    0 
[   95.350897]  Peripheral: Num of UART controllers  :    0 
[   95.351380]  DMA_INFO: Number of DMA CTRL in PCIe :    0 
[   95.352110]  SMMU_INFO: Number of SMMU CTRL       :    0 
[   95.352972] 
[   95.352972]       *** Starting Memory Map tests ***  
[   95.354008] 
[   95.354008] Operating System View:
[   95.354914]  104 : Addressability                        
[   95.354914]        Checkpoint --  1                           : Result:  SKIPPED 
[   95.356510] 
[   95.356510]       One or more Memory tests failed or were skipped.
[   95.357712] 
[   95.357712]       *** Starting Peripheral tests ***  
[   95.358701] 
[   95.358701] Operating System View:
[   95.359604]  605 : Memory Attribute of DMA               
[   95.359604]        No DMA controllers detected...    
[   95.359604]        Checkpoint --  3                           : Result:  SKIPPED 
[   95.361646] 
[   95.361646]       One or more Peripheral tests failed or were skipped.
[   95.362398] 
[   95.362398]       *** No ECAM region found, Skipping PCIE tests *** 
[   95.363086] 
[   95.363086]      ------------------------------------------------------------
[   95.363086]       Total Tests Run =  2, Tests Passed =  0, Tests Failed =  0 
[   95.363086]      ------------------------------------------------------------
