[  103.437818]  PE_INFO: Number of PE detected       :    8
[  103.438610]  PCIE_INFO: Number of ECAM regions    :    0
[  103.439463]  Peripheral: Num of USB controllers   :    0
[  103.440377]  Peripheral: Num of SATA controllers  :    0
[  103.441318]  Peripheral: Num of UART controllers  :    0
[  103.442266]  DMA_INFO: Number of DMA CTRL in PCIe :    0
[  103.443472]  SMMU_INFO: Number of SMMU CTRL       :    0
[  103.444217] 
                     *** Starting Memory Map tests ***
[  103.445175] 
               Operating System View:
[  103.446078]  104 : Addressability                        
                      Checkpoint --  1                           : Result:  SKIPPED
[  103.447736] 
                     One or more Memory tests failed or were skipped.
[  103.448856] 
                     *** Starting Peripheral tests ***
[  103.449839] 
               Operating System View:
[  103.450744]  605 : Memory Attribute of DMA               
                      No DMA controllers detected...    
                      Checkpoint --  3                           : Result:  SKIPPED
[  103.452779] 
                     One or more Peripheral tests failed or were skipped.
[  103.453986] 
                     *** No ECAM region found, Skipping PCIE tests ***
[  103.455092] 
                    ------------------------------------------------------------
                     Total Tests Run =  2, Tests Passed =  0, Tests Failed =  0 
                    ------------------------------------------------------------
