INFO run_identify: Identified as SystemReady IR v2.1 with SIE.
INFO <module>: Detected version is SystemReady IR v2.1 with SIE
WARNING if_contains: `-dirty' found in `/home/weiouy01/code/Arm-SystemReady-IoT/project/Bpi-ArmSoM-S7_ir_2.1/reports//acs-console.log' at line 52: `U-Boot SPL 2017.09-g82435751526-231214-dirty #zhangzj (Dec 14 2023 - 09:16:28)' (warning once)
ERROR if_contains: `Failed to persist EFI variables' found in `/home/weiouy01/code/Arm-SystemReady-IoT/project/Bpi-ArmSoM-S7_ir_2.1/reports//acs-console.log' at line 121: `Failed to persist EFI variables'
ERROR check_file_contains: Could not find `Failure:|0|' in `/home/weiouy01/code/Arm-SystemReady-IoT/project/Bpi-ArmSoM-S7_ir_2.1/reports//acs_results/result.md'
INFO identify_guid: GUID `5452a04a-462d-4433-9778-2b5259277bb3' unknown, in `/home/weiouy01/code/Arm-SystemReady-IoT/project/Bpi-ArmSoM-S7_ir_2.1/reports//acs_results/app_output/CapsuleApp_ESRT_table_info.log'
ERROR check_devicetree: 12 dt-parser error no schema with `/home/weiouy01/code/Arm-SystemReady-IoT/project/Bpi-ArmSoM-S7_ir_2.1/reports//acs_results/uefi/BsaDevTree.dtb.log'!
ERROR check_devicetree: 5 dt-parser error no yaml schema with `/home/weiouy01/code/Arm-SystemReady-IoT/project/Bpi-ArmSoM-S7_ir_2.1/reports//acs_results/uefi/BsaDevTree.dtb.log'!
ERROR check_file_contains: Could not find `/HD(3,GPT,' in `/home/weiouy01/code/Arm-SystemReady-IoT/project/Bpi-ArmSoM-S7_ir_2.1/reports//acs_results/uefi_dump/map.log'
ERROR check_file_contains: Could not find `Failure:|0|' in `/home/weiouy01/code/Arm-SystemReady-IoT/project/Bpi-ArmSoM-S7_ir_2.1/reports//acs_results/SIE/result.md'
ERROR check_dir: `/home/weiouy01/code/Arm-SystemReady-IoT/project/Bpi-ArmSoM-S7_ir_2.1/reports//fw/' has too few entrie(s): 1 < 3
ERROR check_file: `/home/weiouy01/code/Arm-SystemReady-IoT/project/Bpi-ArmSoM-S7_ir_2.1/reports//fw/u-boot-sniff.log' missing
ERROR check_file: `/home/weiouy01/code/Arm-SystemReady-IoT/project/Bpi-ArmSoM-S7_ir_2.1/reports//fw/uefi-sniff.log' missing
ERROR check_file: `/home/weiouy01/code/Arm-SystemReady-IoT/project/Bpi-ArmSoM-S7_ir_2.1/reports//fw/capsule-update.log' missing
ERROR check_file: `/home/weiouy01/code/Arm-SystemReady-IoT/project/Bpi-ArmSoM-S7_ir_2.1/reports//fw/capsule-on-disk.log' missing
ERROR check_tree: `/home/weiouy01/code/Arm-SystemReady-IoT/project/Bpi-ArmSoM-S7_ir_2.1/reports//fw/capsule*.bin' missing
ERROR check_tree: `/home/weiouy01/code/Arm-SystemReady-IoT/project/Bpi-ArmSoM-S7_ir_2.1/reports//os-logs/linux-distro3-version/*console.log' missing
ERROR check_tree: `/home/weiouy01/code/Arm-SystemReady-IoT/project/Bpi-ArmSoM-S7_ir_2.1/reports//os-logs/linux-distro3-version/*sys-firmware.tar.gz' missing
ERROR check_tree: `/home/weiouy01/code/Arm-SystemReady-IoT/project/Bpi-ArmSoM-S7_ir_2.1/reports//os-logs/linux-distro2-version/*console.log' missing
ERROR check_tree: `/home/weiouy01/code/Arm-SystemReady-IoT/project/Bpi-ArmSoM-S7_ir_2.1/reports//os-logs/linux-distro2-version/*sys-firmware.tar.gz' missing
ERROR check_tree: `/home/weiouy01/code/Arm-SystemReady-IoT/project/Bpi-ArmSoM-S7_ir_2.1/reports//os-logs/linux-distro1-version/*console.log' missing
ERROR check_tree: `/home/weiouy01/code/Arm-SystemReady-IoT/project/Bpi-ArmSoM-S7_ir_2.1/reports//os-logs/linux-distro1-version/*sys-firmware.tar.gz' missing
ERROR check_file_contains: Could not find `EFI stub: UEFI Secure Boot is enabled.' in `/home/weiouy01/code/Arm-SystemReady-IoT/project/Bpi-ArmSoM-S7_ir_2.1/reports//sie-console.log'
ERROR if_contains: `Failed to persist EFI variables' found in `/home/weiouy01/code/Arm-SystemReady-IoT/project/Bpi-ArmSoM-S7_ir_2.1/reports//sie-console.log' at line 147: `Failed to persist EFI variables'
ERROR deferred_check_uefi_logs_esp: `/home/weiouy01/code/Arm-SystemReady-IoT/project/Bpi-ArmSoM-S7_ir_2.1/reports//sie-console.log' did not have an ESP
ERROR deferred_check_uefi_logs_esp: `/home/weiouy01/code/Arm-SystemReady-IoT/project/Bpi-ArmSoM-S7_ir_2.1/reports//sie-console.log' did not have an ESP
INFO <module>: 495 checks, 472 pass, 1 warning, 22 errors
