Results generated by fwts: Version V23.01.00 (2023-01-16 04:09:35).

Some of this work - Copyright (c) 1999 - 2021, Intel Corp. All rights reserved.
Some of this work - Copyright (c) 2010 - 2021, Canonical.
Some of this work - Copyright (c) 2016 - 2021, IBM.
Some of this work - Copyright (c) 2017 - 2021, ARM Ltd.

This test run on 01/08/23 at 09:27:10 on host Linux generic-arm64
6.0.0-yocto-standard #1 SMP PREEMPT Sun Oct 2 21:09:07 UTC 2022 aarch64.

Command: "fwts -f -r /mnt/acs_results/SIE/fwts/FWTSResults.log uefirtauthvar
tpm2".
Running tests: uefirtauthvar tpm2.

uefirtauthvar: Authenticated variable tests.
--------------------------------------------------------------------------------
Test 1 of 11: Create authenticated variable test.
PASSED: Test 1, Create authenticated variable test passed.

Test 2 of 11: Authenticated variable test with the same authenticated variable.
PASSED: Test 2, Set the same authenticated variable test passed.

Test 3 of 11: Authenticated variable test with another valid authenticated
variable.
PASSED: Test 3, Authenticated variable test with another valid authenticated
variable passed.

Test 4 of 11: Append authenticated variable test.
PASSED: Test 4, Append authenticated variable tests passed.

Test 5 of 11: Update authenticated variable test.
PASSED: Test 5, Update authenticated variable tests passed.

Test 6 of 11: Authenticated variable test with old authenticated variable.
PASSED: Test 6, Authenticated variable test with old authenticated variable
passed.

Test 7 of 11: Delete authenticated variable test.
PASSED: Test 7, Delete authenticated variable tests passed.

Test 8 of 11: Authenticated variable test with invalid modified data.
PASSED: Test 8, Set authenticated variable test with invalid modified data
passed.

Test 9 of 11: Authenticated variable test with invalid modified timestamp.
PASSED: Test 9, Set authenticated variable test with invalid modified timestamp
passed.

Test 10 of 11: Authenticated variable test with different guid.
PASSED: Test 10, Set authenticated variable test with different guid passed.

Test 11 of 11: Set and delete authenticated variable created by different key
test.
PASSED: Test 11, Set authenticated variable created by different key test
passed.
PASSED: Test 11, Delete authenticated variable created by different key test
passed.

================================================================================
12 passed, 0 failed, 0 warning, 0 aborted, 0 skipped, 0 info only.
================================================================================

tpm2: TPM2 Trusted Platform Module 2 test.
--------------------------------------------------------------------------------
Could not find any ACPI tables in directory '/sys/firmware/acpi/tables'. 
Cannot read ACPI tables.
Aborted test, initialisation failed.
================================================================================
0 passed, 0 failed, 0 warning, 1 aborted, 0 skipped, 0 info only.
================================================================================


12 passed, 0 failed, 0 warning, 1 aborted, 0 skipped, 0 info only.

Test Failure Summary
================================================================================

Critical failures: NONE

High failures: NONE

Medium failures: NONE

Low failures: NONE

Other failures: NONE

Test           |Pass |Fail |Abort|Warn |Skip |Info |
---------------+-----+-----+-----+-----+-----+-----+
tpm2           |     |     |    1|     |     |     |
uefirtauthvar  |   12|     |     |     |     |     |
---------------+-----+-----+-----+-----+-----+-----+
Total:         |   12|    0|    1|    0|    0|    0|
---------------+-----+-----+-----+-----+-----+-----+
