SystemReady IR ACS v2.0.0 
FWTS v23.01.00
Results generated by fwts: Version V23.01.00 (2023-01-16 04:09:35).

Some of this work - Copyright (c) 1999 - 2021, Intel Corp. All rights reserved.
Some of this work - Copyright (c) 2010 - 2021, Canonical.
Some of this work - Copyright (c) 2016 - 2021, IBM.
Some of this work - Copyright (c) 2017 - 2021, ARM Ltd.

This test run on 01/08/23 at 09:15:12 on host Linux generic-arm64
6.0.0-yocto-standard #1 SMP PREEMPT Sun Oct 2 21:09:07 UTC 2022 aarch64.

Command: "fwts --ebbr -r /mnt/acs_results/fwts/FWTSResults.log uefivarinfo esrt
uefibootpath dt_base".
Running tests: uefivarinfo esrt uefibootpath dt_base uefirtmisc uefirtvariable
uefirttime.

uefivarinfo: UEFI variable info query.
--------------------------------------------------------------------------------
Test 1 of 1: UEFI variable info query.
UEFI NVRAM storage:
  Maximum storage:         262044 bytes
  Remaining storage:       199760 bytes
  Maximum variable size:    65476 bytes
Currently used:
  37 variables, storage used: 5963 bytes

esrt: Sanity check UEFI ESRT Table.
--------------------------------------------------------------------------------
Cannot find ESRT table, firmware seems not supported. Aborted.
Aborted test, initialisation failed.
================================================================================
0 passed, 0 failed, 0 warning, 2 aborted, 0 skipped, 0 info only.
================================================================================

uefibootpath: Sanity check for UEFI Boot Path Boot####.
--------------------------------------------------------------------------------
Test 1 of 1: Test UEFI Boot Path Boot####.
Name: Boot0000
Info: UiApp
PASSED: Test 1, Check bootpath Boot0000 test passed.
Name: Boot0001
Info: UEFI Misc Device
PASSED: Test 1, Check bootpath Boot0001 test passed.
Name: Boot0002
Info: UEFI PXEv4 (MAC:525400123456)
PASSED: Test 1, Check bootpath Boot0002 test passed.
Name: Boot0003
Info: EFI Internal Shell
PASSED: Test 1, Check bootpath Boot0003 test passed.
Name: Boot0004
Info: UEFI Misc Device 2
PASSED: Test 1, Check bootpath Boot0004 test passed.

================================================================================
5 passed, 0 failed, 0 warning, 0 aborted, 0 skipped, 0 info only.
================================================================================

dt_base: Base device tree validity check
--------------------------------------------------------------------------------
Test 1 of 3: Check device tree presence
PASSED: Test 1, Device tree present

Test 2 of 3: Check device tree baseline validity
PASSED: Test 2, Device tree data valid

Test 3 of 3: Check device tree warnings
PASSED: Test 3, No warnings from dtc

================================================================================
3 passed, 0 failed, 0 warning, 0 aborted, 0 skipped, 0 info only.
================================================================================

uefirtmisc: UEFI miscellaneous runtime service interface tests.
--------------------------------------------------------------------------------
Test 1 of 4: Test for UEFI miscellaneous runtime service interfaces.
Testing UEFI runtime service GetNextHighMonotonicCount interface.
PASSED: Test 1, UEFI runtime service GetNextHighMonotonicCount interface test
passed.
Testing UEFI runtime service QueryCapsuleCapabilities interface.
SKIPPED: Test 1, Not support the UEFI QueryCapsuleCapabilities runtime interface
with flag value 0x0: cannot test.

ADVICE: Firmware also needs to check if the revision of system table is correct
or not. Linux kernel returns EFI_UNSUPPORTED as well, if the FirmwareRevision of
system table is less than EFI_2_00_SYSTEM_TABLE_REVISION.

SKIPPED: Test 1, Not support the UEFI QueryCapsuleCapabilities runtime interface
with flag value 0x10000: cannot test.

ADVICE: Firmware also needs to check if the revision of system table is correct
or not. Linux kernel returns EFI_UNSUPPORTED as well, if the FirmwareRevision of
system table is less than EFI_2_00_SYSTEM_TABLE_REVISION.

SKIPPED: Test 1, Not support the UEFI QueryCapsuleCapabilities runtime interface
with flag value 0x30000: cannot test.

ADVICE: Firmware also needs to check if the revision of system table is correct
or not. Linux kernel returns EFI_UNSUPPORTED as well, if the FirmwareRevision of
system table is less than EFI_2_00_SYSTEM_TABLE_REVISION.

SKIPPED: Test 1, Not support the UEFI QueryCapsuleCapabilities runtime interface
with flag value 0x50000: cannot test.

ADVICE: Firmware also needs to check if the revision of system table is correct
or not. Linux kernel returns EFI_UNSUPPORTED as well, if the FirmwareRevision of
system table is less than EFI_2_00_SYSTEM_TABLE_REVISION.

SKIPPED: Test 1, Not support the UEFI QueryCapsuleCapabilities runtime interface
with flag value 0x70000: cannot test.

ADVICE: Firmware also needs to check if the revision of system table is correct
or not. Linux kernel returns EFI_UNSUPPORTED as well, if the FirmwareRevision of
system table is less than EFI_2_00_SYSTEM_TABLE_REVISION.


Test 2 of 4: Stress test for UEFI miscellaneous runtime service interfaces.
Stress testing for UEFI runtime service GetNextHighMonotonicCount interface 50
times.
