[   97.090366]  PE_INFO: Number of PE detected       :    8 
[   97.091530]  PCIE_INFO: Number of ECAM regions    :    0 
[   97.092326]  Peripheral: Num of USB controllers   :    0 
[   97.093376]  Peripheral: Num of SATA controllers  :    0 
[   97.094207]  Peripheral: Num of UART controllers  :    0 
[   97.095167]  DMA_INFO: Number of DMA CTRL in PCIe :    0 
[   97.096639]  SMMU_INFO: Number of SMMU CTRL       :    0 
[   97.097790] 
[   97.097790]       *** Starting Memory Map tests ***  
[   97.098654] 
[   97.098654] Operating System View:
[   97.099555]  104 : Addressability                        
[   97.099555]        Checkpoint --  1                           : Result:  SKIPPED 
[   97.101211] 
[   97.101211]       One or more Memory tests failed or were skipped.
[   97.102477] 
[   97.102477]       *** Starting Peripheral tests ***  
[   97.103381] 
[   97.103381] Operating System View:
[   97.104281]  605 : Memory Attribute of DMA               
[   97.104281]        No DMA controllers detected...    
[   97.104281]        Checkpoint --  3                           : Result:  SKIPPED 
[   97.106351] 
[   97.106351]       One or more Peripheral tests failed or were skipped.
[   97.107653] 
[   97.107653]       *** No ECAM region found, Skipping PCIE tests *** 
[   97.108710] 
[   97.108710]      ------------------------------------------------------------
[   97.108710]       Total Tests Run =  2, Tests Passed =  0, Tests Failed =  0 
[   97.108710]      ------------------------------------------------------------
