SystemReady IR ACS v2.0.0 
FWTS v23.01.00
Results generated by fwts: Version V23.07.00 (2023-07-07 02:40:18).

Some of this work - Copyright (c) 1999 - 2021, Intel Corp. All rights reserved.
Some of this work - Copyright (c) 2010 - 2021, Canonical.
Some of this work - Copyright (c) 2016 - 2021, IBM.
Some of this work - Copyright (c) 2017 - 2021, ARM Ltd.

This test run on 29/08/23 at 02:38:11 on host Linux generic-arm64
6.0.0-yocto-standard #1 SMP PREEMPT Sun Oct 2 21:09:07 UTC 2022 aarch64.

Command: "fwts --ebbr -r /mnt/acs_results/fwts/FWTSResults.log uefivarinfo esrt
uefibootpath dt_base".
Running tests: uefivarinfo esrt uefibootpath dt_base dt_base esrt uefibootpath
uefivarinfo uefirtmisc uefirtvariable uefirttime.

uefivarinfo: UEFI variable info query.
--------------------------------------------------------------------------------
Test 1 of 1: UEFI variable info query.
UEFI NVRAM storage:
  Maximum storage:         262044 bytes
  Remaining storage:       241676 bytes
  Maximum variable size:    65476 bytes
Currently used:
  33 variables, storage used: 2677 bytes

esrt: Sanity check UEFI ESRT Table.
--------------------------------------------------------------------------------
Cannot find ESRT table, firmware seems not supported. Aborted.
Aborted test, initialisation failed.
================================================================================
0 passed, 0 failed, 0 warning, 2 aborted, 0 skipped, 0 info only.
================================================================================

uefibootpath: Sanity check for UEFI Boot Path Boot####.
--------------------------------------------------------------------------------
Test 1 of 1: Test UEFI Boot Path Boot####.
Name: Boot0000
Info: UiApp
PASSED: Test 1, Check bootpath Boot0000 test passed.
Name: Boot0001
Info: UEFI Misc Device
PASSED: Test 1, Check bootpath Boot0001 test passed.
Name: Boot0002
Info: UEFI Misc Device 2
PASSED: Test 1, Check bootpath Boot0002 test passed.
Name: Boot0003
Info: UEFI PXEv4 (MAC:525400123456)
PASSED: Test 1, Check bootpath Boot0003 test passed.
Name: Boot0004
Info: EFI Internal Shell
PASSED: Test 1, Check bootpath Boot0004 test passed.

================================================================================
5 passed, 0 failed, 0 warning, 0 aborted, 0 skipped, 0 info only.
================================================================================

dt_base: Base device tree validity check
--------------------------------------------------------------------------------
Test 1 of 3: Check device tree presence
PASSED: Test 1, Device tree present

Test 2 of 3: Check device tree baseline validity
PASSED: Test 2, Device tree data valid

Test 3 of 3: Check device tree warnings
PASSED: Test 3, No warnings from dtc

================================================================================
3 passed, 0 failed, 0 warning, 0 aborted, 0 skipped, 0 info only.
================================================================================

dt_base: Base device tree validity check
--------------------------------------------------------------------------------
Test 1 of 3: Check device tree presence
PASSED: Test 1, Device tree present

Test 2 of 3: Check device tree baseline validity
PASSED: Test 2, Device tree data valid

Test 3 of 3: Check device tree warnings
PASSED: Test 3, No warnings from dtc

================================================================================
3 passed, 0 failed, 0 warning, 0 aborted, 0 skipped, 0 info only.
================================================================================

esrt: Sanity check UEFI ESRT Table.
--------------------------------------------------------------------------------
Cannot find ESRT table, firmware seems not supported. Aborted.
Aborted test, initialisation failed.
================================================================================
0 passed, 0 failed, 0 warning, 2 aborted, 0 skipped, 0 info only.
================================================================================

uefibootpath: Sanity check for UEFI Boot Path Boot####.
--------------------------------------------------------------------------------
Test 1 of 1: Test UEFI Boot Path Boot####.
Name: Boot0000
Info: UiApp
PASSED: Test 1, Check bootpath Boot0000 test passed.
Name: Boot0001
Info: UEFI Misc Device
PASSED: Test 1, Check bootpath Boot0001 test passed.
Name: Boot0002
Info: UEFI Misc Device 2
PASSED: Test 1, Check bootpath Boot0002 test passed.
Name: Boot0003
Info: UEFI PXEv4 (MAC:525400123456)
PASSED: Test 1, Check bootpath Boot0003 test passed.
Name: Boot0004
Info: EFI Internal Shell
PASSED: Test 1, Check bootpath Boot0004 test passed.

================================================================================
5 passed, 0 failed, 0 warning, 0 aborted, 0 skipped, 0 info only.
================================================================================

uefivarinfo: UEFI variable info query.
--------------------------------------------------------------------------------
Test 1 of 1: UEFI variable info query.
UEFI NVRAM storage:
  Maximum storage:         262044 bytes
  Remaining storage:       241676 bytes
  Maximum variable size:    65476 bytes
Currently used:
  33 variables, storage used: 2677 bytes

uefirtmisc: UEFI miscellaneous runtime service interface tests.
--------------------------------------------------------------------------------
Test 1 of 4: Test for UEFI miscellaneous runtime service interfaces.
Testing UEFI runtime service GetNextHighMonotonicCount interface.
PASSED: Test 1, UEFI runtime service GetNextHighMonotonicCount interface test
passed.
Testing UEFI runtime service QueryCapsuleCapabilities interface.
SKIPPED: Test 1, Not support the UEFI QueryCapsuleCapabilities runtime interface
with flag value 0x0: cannot test.

ADVICE: Firmware also needs to check if the revision of system table is correct
or not. Linux kernel returns EFI_UNSUPPORTED as well, if the FirmwareRevision of
system table is less than EFI_2_00_SYSTEM_TABLE_REVISION.

SKIPPED: Test 1, Not support the UEFI QueryCapsuleCapabilities runtime interface
with flag value 0x10000: cannot test.

ADVICE: Firmware also needs to check if the revision of system table is correct
or not. Linux kernel returns EFI_UNSUPPORTED as well, if the FirmwareRevision of
system table is less than EFI_2_00_SYSTEM_TABLE_REVISION.

SKIPPED: Test 1, Not support the UEFI QueryCapsuleCapabilities runtime interface
with flag value 0x30000: cannot test.

ADVICE: Firmware also needs to check if the revision of system table is correct
or not. Linux kernel returns EFI_UNSUPPORTED as well, if the FirmwareRevision of
system table is less than EFI_2_00_SYSTEM_TABLE_REVISION.

SKIPPED: Test 1, Not support the UEFI QueryCapsuleCapabilities runtime interface
with flag value 0x50000: cannot test.

ADVICE: Firmware also needs to check if the revision of system table is correct
or not. Linux kernel returns EFI_UNSUPPORTED as well, if the FirmwareRevision of
system table is less than EFI_2_00_SYSTEM_TABLE_REVISION.

SKIPPED: Test 1, Not support the UEFI QueryCapsuleCapabilities runtime interface
with flag value 0x70000: cannot test.

ADVICE: Firmware also needs to check if the revision of system table is correct
or not. Linux kernel returns EFI_UNSUPPORTED as well, if the FirmwareRevision of
system table is less than EFI_2_00_SYSTEM_TABLE_REVISION.


Test 2 of 4: Stress test for UEFI miscellaneous runtime service interfaces.
Stress testing for UEFI runtime service GetNextHighMonotonicCount interface 50
times.
PASSED: Test 2, UEFI runtime service GetNextHighMonotonicCount interface test
passed.
Stress testing UEFI runtime service QueryCapsuleCapabilities interface.
SKIPPED: Test 2, Not support the UEFI QueryCapsuleCapabilities runtime interface
with flag value 0x0: cannot test.

ADVICE: Firmware also needs to check if the revision of system table is correct
or not. Linux kernel returns EFI_UNSUPPORTED as well, if the FirmwareRevision of
system table is less than EFI_2_00_SYSTEM_TABLE_REVISION.

SKIPPED: Test 2, Not support the UEFI QueryCapsuleCapabilities runtime interface
with flag value 0x10000: cannot test.

ADVICE: Firmware also needs to check if the revision of system table is correct
or not. Linux kernel returns EFI_UNSUPPORTED as well, if the FirmwareRevision of
system table is less than EFI_2_00_SYSTEM_TABLE_REVISION.

SKIPPED: Test 2, Not support the UEFI QueryCapsuleCapabilities runtime interface
with flag value 0x30000: cannot test.

ADVICE: Firmware also needs to check if the revision of system table is correct
or not. Linux kernel returns EFI_UNSUPPORTED as well, if the FirmwareRevision of
system table is less than EFI_2_00_SYSTEM_TABLE_REVISION.

SKIPPED: Test 2, Not support the UEFI QueryCapsuleCapabilities runtime interface
with flag value 0x50000: cannot test.

ADVICE: Firmware also needs to check if the revision of system table is correct
or not. Linux kernel returns EFI_UNSUPPORTED as well, if the FirmwareRevision of
system table is less than EFI_2_00_SYSTEM_TABLE_REVISION.

SKIPPED: Test 2, Not support the UEFI QueryCapsuleCapabilities runtime interface
with flag value 0x70000: cannot test.

ADVICE: Firmware also needs to check if the revision of system table is correct
or not. Linux kernel returns EFI_UNSUPPORTED as well, if the FirmwareRevision of
system table is less than EFI_2_00_SYSTEM_TABLE_REVISION.


Test 3 of 4: Test GetNextHighMonotonicCount with invalid NULL parameter.
PASSED: Test 3, Test with invalid NULL parameter returned EFI_INVALID_PARAMETER
as expected.

Test 4 of 4: Test UEFI miscellaneous runtime services unsupported status.
SKIPPED: Test 4, GetNextHighMonotonicCount runtime service supported, skip test.

================================================================================
3 passed, 0 failed, 0 warning, 0 aborted, 11 skipped, 0 info only.
================================================================================

uefirtvariable: UEFI Runtime service variable interface tests.
--------------------------------------------------------------------------------
Test 1 of 9: Test UEFI RT service get variable interface.
PASSED: Test 1, UEFI runtime service GetVariable interface test passed.

Test 2 of 9: Test UEFI RT service get next variable name interface.
The runtime service GetNextVariableName interface function test.
PASSED: Test 2, The runtime service GetNextVariableName interface function test
passed.
Check the GetNextVariableName returned value of VariableNameSize is equal to the
length of VariableName.
PASSED: Test 2, Check the GetNextVariableName returned value of VariableNameSize
is equal to the length of VariableName passed.
Test GetNextVariableName interface returns unique variables.
PASSED: Test 2, Test GetNextVariableName interface returns unique variables
passed.
The GetNextVariableName interface conformance tests.
PASSED: Test 2, The runtime service GetNextVariableName interface conformance
tests passed.

Test 3 of 9: Test UEFI RT service set variable interface.
Testing SetVariable on two different GUIDs and the same variable name.
PASSED: Test 3, SetVariable on two different GUIDs and the same variable name
passed.
Testing SetVariable on the same and different variable data.
PASSED: Test 3, SetVariable on the same and different variable data passed.
Testing SetVariable on similar variable name.
PASSED: Test 3, SetVariable on similar variable name passed.
Testing SetVariable on DataSize is 0.
PASSED: Test 3, SetVariable on DataSize is 0 passed.
Testing SetVariable on Attributes is 0.
PASSED: Test 3, SetVariable on Attributes is 0 passed.
Testing SetVariable on Invalid Attributes.
PASSED: Test 3, SetVariable on Invalid Attributes passed.
Testing SetVariable with both Authenticated Attributes set.
PASSED: Test 3, Testing SetVariable with both Authenticated Attributes set
passed.
Testing SetVariable with EFI_VARIABLE_AUTHENTICATED_WRITE_ACCESS Attributes.
PASSED: Test 3, Testing SetVariable with with
EFI_VARIABLE_AUTHENTICATED_WRITE_ACCESS Attributes passed.

Test 4 of 9: Test UEFI RT service query variable info interface.
PASSED: Test 4, UEFI runtime service query variable info interface test passed.

Test 5 of 9: Test UEFI RT service variable interface stress test.
Testing GetVariable on getting the variable 1024 times.
PASSED: Test 5, GetVariable on getting the variable multiple times passed.
Testing GetNextVariableName on getting the variable multiple times.
PASSED: Test 5, GetNextVariableName on getting the next variable name multiple
times passed.

Test 6 of 9: Test UEFI RT service set variable interface stress test.
Testing SetVariable on setting the variable with the same data 40 times.
PASSED: Test 6, SetVariable on setting the variable with the same data multiple
times passed.
Testing SetVariable on setting the variable with different data 40 times.
PASSED: Test 6, Testing SetVariable on setting the variable with different data
multiple times passed.
Testing SetVariable on setting the variable with different name 40 times.
PASSED: Test 6, Testing SetVariable on setting the variable with different name
multiple times passed.
Testing SetVariable on setting the variable with different name and data 40
times.
PASSED: Test 6, Testing SetVariable on setting the variable with different name
and data multiple times passed.

Test 7 of 9: Test UEFI RT service query variable info interface stress test.
Testing QueryVariableInfo on querying the variable 1024 times.
PASSED: Test 7, UEFI runtime service query variable info interface stress test
passed.

Test 8 of 9: Test UEFI RT service get variable interface, invalid parameters.
Testing GetVariable with NULL variable name.
PASSED: Test 8, GetVariable with NULL variable name returned error
EFI_INVALID_PARAMETER as expected.
Testing GetVariable with NULL vendor GUID.
PASSED: Test 8, GetVariable with NULL vendor GUID returned error
EFI_INVALID_PARAMETER as expected.
Testing GetVariable with NULL datasize.
PASSED: Test 8, GetVariable with NULL datasize returned error
EFI_INVALID_PARAMETER as expected.
Testing GetVariable with NULL data.
PASSED: Test 8, GetVariable with NULL data returned error EFI_INVALID_PARAMETER
as expected.
Testing GetVariable with NULL variable name, vendor GUID, datasize and data.
PASSED: Test 8, GetVariable with NULL variable name, vendor GUID, datasize and
data returned error EFI_INVALID_PARAMETER as expected.

Test 9 of 9: Test UEFI RT variable services unsupported status.
SKIPPED: Test 9, SetVariable runtime service supported, skip test.
SKIPPED: Test 9, GetVariable runtime service supported, skip test.
SKIPPED: Test 9, GetNextVarName runtime service supported, skip test.
SKIPPED: Test 9, QueryVarInfo runtime service supported, skip test.

================================================================================
26 passed, 0 failed, 0 warning, 0 aborted, 4 skipped, 0 info only.
================================================================================

uefirttime: UEFI Runtime service time interface tests.
--------------------------------------------------------------------------------
Test 1 of 36: Test UEFI RT service get time interface.
PASSED: Test 1, UEFI runtime service GetTime interface test passed.

Test 2 of 36: Test UEFI RT service get time interface, NULL time parameter.
PASSED: Test 2, UEFI runtime service GetTime interface test passed, returned
EFI_INVALID_PARAMETER as expected.

Test 3 of 36: Test UEFI RT service get time interface, NULL time and NULL
capabilities parameters.
PASSED: Test 3, UEFI runtime service GetTime interface test passed, returned
EFI_INVALID_PARAMETER as expected.

Test 4 of 36: Test UEFI RT service set time interface.
PASSED: Test 4, UEFI runtime service SetTime interface test passed.

Test 5 of 36: Test UEFI RT service set time interface, invalid year 1899.
PASSED: Test 5, UEFI runtime service SetTime interface test passed, returned
EFI_INVALID_PARAMETER as expected.

Test 6 of 36: Test UEFI RT service set time interface, invalid year 10000.
PASSED: Test 6, UEFI runtime service SetTime interface test passed, returned
EFI_INVALID_PARAMETER as expected.

Test 7 of 36: Test UEFI RT service set time interface, invalid month 0.
PASSED: Test 7, UEFI runtime service SetTime interface test passed, returned
EFI_INVALID_PARAMETER as expected.

Test 8 of 36: Test UEFI RT service set time interface, invalid month 13.
PASSED: Test 8, UEFI runtime service SetTime interface test passed, returned
EFI_INVALID_PARAMETER as expected.

Test 9 of 36: Test UEFI RT service set time interface, invalid day 0.
PASSED: Test 9, UEFI runtime service SetTime interface test passed, returned
EFI_INVALID_PARAMETER as expected.

Test 10 of 36: Test UEFI RT service set time interface, invalid day 32.
PASSED: Test 10, UEFI runtime service SetTime interface test passed, returned
EFI_INVALID_PARAMETER as expected.

Test 11 of 36: Test UEFI RT service set time interface, invalid hour 24.
PASSED: Test 11, UEFI runtime service SetTime interface test passed, returned
EFI_INVALID_PARAMETER as expected.

Test 12 of 36: Test UEFI RT service set time interface, invalid minute 60.
PASSED: Test 12, UEFI runtime service SetTime interface test passed, returned
EFI_INVALID_PARAMETER as expected.

Test 13 of 36: Test UEFI RT service set time interface, invalid second 60.
PASSED: Test 13, UEFI runtime service SetTime interface test passed, returned
EFI_INVALID_PARAMETER as expected.

Test 14 of 36: Test UEFI RT service set time interface, invalid nanosecond
1000000000.
PASSED: Test 14, UEFI runtime service SetTime interface test passed, returned
EFI_INVALID_PARAMETER as expected.

Test 15 of 36: Test UEFI RT service set time interface, invalid timezone -1441.
PASSED: Test 15, UEFI runtime service SetTime interface test passed, returned
EFI_INVALID_PARAMETER as expected.

Test 16 of 36: Test UEFI RT service set time interface, invalid timezone 1441.
PASSED: Test 16, UEFI runtime service SetTime interface test passed, returned
EFI_INVALID_PARAMETER as expected.

Test 17 of 36: Test UEFI RT service get wakeup time interface.
SKIPPED: Test 17, Skipping test, GetWakeupTime runtime service is not supported
on this platform.

Test 18 of 36: Test UEFI RT service get wakeup time interface, NULL enabled
parameter.
PASSED: Test 18, UEFI runtime service GetTimeWakeupTime interface test passed,
returned EFI_INVALID_PARAMETER as expected.

Test 19 of 36: Test UEFI RT service get wakeup time interface, NULL pending
parameter.
PASSED: Test 19, UEFI runtime service GetTimeWakeupTime interface test passed,
returned EFI_INVALID_PARAMETER as expected.

Test 20 of 36: Test UEFI RT service get wakeup time interface, NULL time
parameter.
PASSED: Test 20, UEFI runtime service GetTimeWakeupTime interface test passed,
returned EFI_INVALID_PARAMETER as expected.

Test 21 of 36: Test UEFI RT service get wakeup time interface, NULL enabled,
pending and time parameters.
PASSED: Test 21, UEFI runtime service GetTimeWakeupTime interface test passed,
returned EFI_INVALID_PARAMETER as expected.

Test 22 of 36: Test UEFI RT service set wakeup time interface.
SKIPPED: Test 22, Skipping test, SetWakeupTime runtime service is not supported
on this platform.

Test 23 of 36: Test UEFI RT service set wakeup time interface, NULL time
parameter.
SKIPPED: Test 23, Skipping test, SetWakeupTime runtime service is not supported
on this platform.

Test 24 of 36: Test UEFI RT service set wakeup time interface, invalid year
1899.
SKIPPED: Test 24, Skipping test, GetWakeupTime runtime service is not supported
on this platform.

Test 25 of 36: Test UEFI RT service set wakeup time interface, invalid year
10000.
SKIPPED: Test 25, Skipping test, GetWakeupTime runtime service is not supported
on this platform.

Test 26 of 36: Test UEFI RT service set wakeup time interface, invalid month 0.
SKIPPED: Test 26, Skipping test, GetWakeupTime runtime service is not supported
on this platform.

Test 27 of 36: Test UEFI RT service set wakeup time interface, invalid month 13.
SKIPPED: Test 27, Skipping test, GetWakeupTime runtime service is not supported
on this platform.

Test 28 of 36: Test UEFI RT service set wakeup time interface, invalid day 0.
SKIPPED: Test 28, Skipping test, GetWakeupTime runtime service is not supported
on this platform.

Test 29 of 36: Test UEFI RT service set wakeup time interface, invalid day 32.
SKIPPED: Test 29, Skipping test, GetWakeupTime runtime service is not supported
on this platform.

Test 30 of 36: Test UEFI RT service set wakeup time interface, invalid hour 24.
SKIPPED: Test 30, Skipping test, GetWakeupTime runtime service is not supported
on this platform.

Test 31 of 36: Test UEFI RT service set wakeup time interface, invalid minute
60.
SKIPPED: Test 31, Skipping test, GetWakeupTime runtime service is not supported
on this platform.

Test 32 of 36: Test UEFI RT service set wakeup time interface, invalid second
60.
SKIPPED: Test 32, Skipping test, GetWakeupTime runtime service is not supported
on this platform.

Test 33 of 36: Test UEFI RT service set wakeup time interface, invalid
nanosecond 1000000000.
SKIPPED: Test 33, Skipping test, GetWakeupTime runtime service is not supported
on this platform.

Test 34 of 36: Test UEFI RT service set wakeup time interface, invalid timezone
-1441.
SKIPPED: Test 34, Skipping test, GetWakeupTime runtime service is not supported
on this platform.

Test 35 of 36: Test UEFI RT service set wakeup time interface, invalid timezone
1441.
SKIPPED: Test 35, Skipping test, GetWakeupTime runtime service is not supported
on this platform.

Test 36 of 36: Test UEFI RT time services unsupported status.
SKIPPED: Test 36, GetTime runtime service supported, skip test.
SKIPPED: Test 36, SetTime runtime service supported, skip test.
SKIPPED: Test 36, SetWakeupTime runtime service supported, skip test.
SKIPPED: Test 36, GetWakeupTime runtime service supported, skip test.

================================================================================
20 passed, 0 failed, 0 warning, 0 aborted, 19 skipped, 0 info only.
================================================================================


65 passed, 0 failed, 0 warning, 4 aborted, 34 skipped, 0 info only.

Test Failure Summary
================================================================================

Critical failures: NONE

High failures: NONE

Medium failures: NONE

Low failures: NONE

Other failures: NONE

Test           |Pass |Fail |Abort|Warn |Skip |Info |
---------------+-----+-----+-----+-----+-----+-----+
dt_base        |    3|     |     |     |     |     |
esrt           |     |     |    2|     |     |     |
uefibootpath   |    5|     |     |     |     |     |
uefirtmisc     |    3|     |     |     |   11|     |
uefirttime     |   20|     |     |     |   19|     |
uefirtvariable |   26|     |     |     |    4|     |
uefivarinfo    |     |     |     |     |     |     |
---------------+-----+-----+-----+-----+-----+-----+
Total:         |   65|    0|    4|    0|   34|    0|
---------------+-----+-----+-----+-----+-----+-----+
