           CPU0       CPU1       CPU2       CPU3       CPU4       CPU5       CPU6       CPU7       
 18:          0          0          0          0          0          0          0          0     GICv3  25 Level     vgic
 19:       2839       2325       2248       2250        371        437        354        471     GICv3  26 Level     arch_timer
 20:          0          0          0          0          0          0          0          0     GICv3  27 Level     kvm guest vtimer
 23:          0          0          0          0          0          0          0          0     GICv3  30 Level     kvm guest ptimer
 25:        797        164         30        337        175        495        152        155     GICv3 321 Level     rk_timer
 31:          3          0          0          0          0          0          0          0     GICv3 423 Level     rockchip_usb2phy
 32:          0          0          0          0          0          0          0          0     GICv3 424 Level     rockchip_usb2phy
 33:          0          0          0          0          0          0          0          0     GICv3 118 Level     fea10000.dma-controller
 34:          0          0          0          0          0          0          0          0     GICv3 119 Level     fea10000.dma-controller
 35:          0          0          0          0          0          0          0          0     GICv3 120 Level     fea30000.dma-controller
 36:          0          0          0          0          0          0          0          0     GICv3 121 Level     fea30000.dma-controller
 37:          0          0          0          0          0          0          0          0     GICv3 122 Level     fed10000.dma-controller
 38:          0          0          0          0          0          0          0          0     GICv3 123 Level     fed10000.dma-controller
 39:        224          0          0          0          0          0          0          0     GICv3 365 Level     ttyS2
 40:          0          0          0          0          0          0          0          0     GICv3 360 Level     feb20000.spi
 41:         54          0          0          0          0          0          0          0     GICv3 349 Level     fd880000.i2c
 42:          0          0          0          0          0          0          0          0     GICv3 351 Level     feaa0000.i2c
 43:          0          0          0          0          0          0          0          0     GICv3 347 Edge      feaf0000.watchdog
 44:        998          0          0          0          0          0          0          0     GICv3 237 Level     mmc0
 45:          0          0          0          0          0          0          0          0  GICv3-23   0 Level     arm-pmu
 46:          0          0          0          0          0          0          0          0  GICv3-23   1 Level     arm-pmu
 47:       4169          0          0          0          0          0          0          0     GICv3 247 Level     ehci_hcd:usb1
 48:          0          0          0          0          0          0          0          0     GICv3 250 Level     ehci_hcd:usb2
 49:          0          0          0          0          0          0          0          0     GICv3 248 Level     ohci_hcd:usb3
 50:          0          0          0          0          0          0          0          0     GICv3 251 Level     ohci_hcd:usb4
IPI0:        61        134         94         99        238        266        227        149       Rescheduling interrupts
IPI1:      1137        866       1607        932       1671       1102       1031       1511       Function call interrupts
IPI2:         0          0          0          0          0          0          0          0       CPU stop interrupts
IPI3:         0          0          0          0          0          0          0          0       CPU stop (for crash dump) interrupts
IPI4:        80        155         94        132        297        285        198        274       Timer broadcast interrupts
IPI5:         1          0          0          0          0          0          0          0       IRQ work interrupts
IPI6:         0          0          0          0          0          0          0          0       CPU wake-up interrupts
Err:          0
