           CPU0       CPU1       CPU2       CPU3       CPU4       CPU5       CPU6       CPU7       
 18:          0          0          0          0          0          0          0          0     GICv3  25 Level     vgic
 19:       1207        725        649        657        686        695        760        752     GICv3  26 Level     arch_timer
 20:          0          0          0          0          0          0          0          0     GICv3  27 Level     kvm guest vtimer
 23:          0          0          0          0          0          0          0          0     GICv3  30 Level     kvm guest ptimer
 25:       1150        411       1416        598        524        874        190       1145     GICv3 321 Level     rk_timer
 31:          3          0          0          0          0          0          0          0     GICv3 423 Level     rockchip_usb2phy
 32:          2          0          0          0          0          0          0          0     GICv3 424 Level     rockchip_usb2phy
 33:          0          0          0          0          0          0          0          0     GICv3 118 Level     fea10000.dma-controller
 34:          0          0          0          0          0          0          0          0     GICv3 119 Level     fea10000.dma-controller
 35:          4          0          0          0          0          0          0          0     GICv3 120 Level     fea30000.dma-controller
 36:          0          0          0          0          0          0          0          0     GICv3 121 Level     fea30000.dma-controller
 37:          0          0          0          0          0          0          0          0     GICv3 122 Level     fed10000.dma-controller
 38:          0          0          0          0          0          0          0          0     GICv3 123 Level     fed10000.dma-controller
 39:        402          0          0          0          0          0          0          0     GICv3 365 Level     ttyS2
 40:          3          0          0          0          0          0          0          0     GICv3 369 Level     ttyS0
 41:          0          0          0          0          0          0          0          0     GICv3 360 Level     feb20000.spi
 42:          0          0          0          0          0          0          0          0     GICv3 247 Level     ehci_hcd:usb1
 43:          0          0          0          0          0          0          0          0     GICv3 248 Level     ohci_hcd:usb2
 44:         54          0          0          0          0          0          0          0     GICv3 349 Level     fd880000.i2c
 45:          0          0          0          0          0          0          0          0     GICv3 355 Level     fec80000.i2c
 46:          0          0          0          0          0          0          0          0     GICv3 356 Level     fec90000.i2c
 47:          0          0          0          0          0          0          0          0     GICv3 347 Edge      feaf0000.watchdog
 48:       1267          0          0          0          0          0          0          0     GICv3 237 Level     mmc0
 49:          0          0          0          0          0          0          0          0  GICv3-23   0 Level     arm-pmu
 50:          0          0          0          0          0          0          0          0  GICv3-23   1 Level     arm-pmu
 51:       4805          0          0          0          0          0          0          0     GICv3 250 Level     ehci_hcd:usb3
 52:          0          0          0          0          0          0          0          0     GICv3 251 Level     ohci_hcd:usb4
IPI0:       171        238        155        242        200        233        158        218       Rescheduling interrupts
IPI1:       967       1559       1630        986       3630       1339        927       1155       Function call interrupts
IPI2:         0          0          0          0          0          0          0          0       CPU stop interrupts
IPI3:         0          0          0          0          0          0          0          0       CPU stop (for crash dump) interrupts
IPI4:       194        277        385        335        408        349        237        500       Timer broadcast interrupts
IPI5:         0          0          0          0          0          0          0          0       IRQ work interrupts
IPI6:         0          0          0          0          0          0          0          0       CPU wake-up interrupts
Err:          0
