[   43.013115]  PE_INFO: Number of PE detected       :    8 
[   43.014002]  PCIE_INFO: Number of ECAM regions    :    0 
[   43.014802]  Peripheral: Num of USB controllers   :    0 
[   43.015824]  Peripheral: Num of SATA controllers  :    0 
[   43.016725]  Peripheral: Num of UART controllers  :    0 
[   43.017228]  DMA_INFO: Number of DMA CTRL in PCIe :    0 
[   43.018211]  SMMU_INFO: Number of SMMU CTRL       :    0 
[   43.018935] 
                     *** Starting Memory Map tests ***  
[   43.019891] 
               Operating System View:
[   43.020337]  104 : Addressability                        
                      Checkpoint --  1                           : Result:  SKIPPED 
[   43.021501] 
                     One or more Memory tests failed or were skipped.
[   43.022350] 
                     *** Starting Peripheral tests ***  
[   43.023346] 
               Operating System View:
[   43.023791]  605 : Memory Attribute of DMA               
                      No DMA controllers detected...    
                      Checkpoint --  3                           : Result:  SKIPPED 
[   43.025406] 
                     One or more Peripheral tests failed or were skipped.
[   43.026286] 
                     *** No ECAM region found, Skipping PCIE tests *** 
[   43.027400] 
                    ------------------------------------------------------------
                     Total Tests Run =  2, Tests Passed =  0, Tests Failed =  0 
                    ------------------------------------------------------------
