
********************************************************************************************************************************

                                                    Read block devices tool

********************************************************************************************************************************
INFO: Detected following block devices with lsblk command :
0: ram0
1: ram1
2: ram2
3: ram3
4: ram4
5: ram5
6: ram6
7: ram7
8: ram8
9: ram9
10: ram10
11: ram11
12: ram12
13: ram13
14: ram14
15: ram15
16: mmcblk0
17: mmcblk0boot0
18: mmcblk0boot1
19: mmcblk1

********************************************************************************************************************************

INFO: Block device : /dev/ram0
INFO: Invalid partition table or not found for ram0
INFO: Block device : /dev/ram1
INFO: Invalid partition table or not found for ram1
INFO: Block device : /dev/ram2
INFO: Invalid partition table or not found for ram2
INFO: Block device : /dev/ram3
INFO: Invalid partition table or not found for ram3
INFO: Block device : /dev/ram4
INFO: Invalid partition table or not found for ram4
INFO: Block device : /dev/ram5
INFO: Invalid partition table or not found for ram5
INFO: Block device : /dev/ram6
INFO: Invalid partition table or not found for ram6
INFO: Block device : /dev/ram7
INFO: Invalid partition table or not found for ram7
INFO: Block device : /dev/ram8
INFO: Invalid partition table or not found for ram8
INFO: Block device : /dev/ram9
INFO: Invalid partition table or not found for ram9
INFO: Block device : /dev/ram10
INFO: Invalid partition table or not found for ram10
INFO: Block device : /dev/ram11
INFO: Invalid partition table or not found for ram11
INFO: Block device : /dev/ram12
INFO: Invalid partition table or not found for ram12
INFO: Block device : /dev/ram13
INFO: Invalid partition table or not found for ram13
INFO: Block device : /dev/ram14
INFO: Invalid partition table or not found for ram14
INFO: Block device : /dev/ram15
INFO: Invalid partition table or not found for ram15
INFO: Block device : /dev/mmcblk0
INFO: Partition table type : GPT


INFO: Partition : /dev/mmcblk0p1 Partition type GUID : 8DCD1602-5214-43F9-FFEF-C49A4EE450B7 "Platform required bit" : 0
INFO: Performing block read on /dev/mmcblk0p1 part_guid = 8DCD1602-5214-43F9-FFEF-C49A4EE450B7
INFO: Block read on /dev/mmcblk0p1 part_guid = 8DCD1602-5214-43F9-FFEF-C49A4EE450B7 successful

INFO: Partition : /dev/mmcblk0p2 Partition type GUID : 1124E418-9008-41F8-9E3D-8D872216C8A1 "Platform required bit" : 0
INFO: Performing block read on /dev/mmcblk0p2 part_guid = 1124E418-9008-41F8-9E3D-8D872216C8A1
INFO: Block read on /dev/mmcblk0p2 part_guid = 1124E418-9008-41F8-9E3D-8D872216C8A1 successful

INFO: Partition : /dev/mmcblk0p3 Partition type GUID : FBD4486A-E42C-448D-D4E9-7F5C324A7843 "Platform required bit" : 0
INFO: Performing block read on /dev/mmcblk0p3 part_guid = FBD4486A-E42C-448D-D4E9-7F5C324A7843
INFO: Block read on /dev/mmcblk0p3 part_guid = FBD4486A-E42C-448D-D4E9-7F5C324A7843 successful

INFO: Partition : /dev/mmcblk0p4 Partition type GUID : BBAF4F47-230D-45B6-FEAE-E4B35F300B00 "Platform required bit" : 0
INFO: Performing block read on /dev/mmcblk0p4 part_guid = BBAF4F47-230D-45B6-FEAE-E4B35F300B00
INFO: Block read on /dev/mmcblk0p4 part_guid = BBAF4F47-230D-45B6-FEAE-E4B35F300B00 successful

INFO: Partition : /dev/mmcblk0p5 Partition type GUID : C5C5D354-440B-453E-8832-D36349B6EE24 "Platform required bit" : 0
INFO: Performing block read on /dev/mmcblk0p5 part_guid = C5C5D354-440B-453E-8832-D36349B6EE24
INFO: Block read on /dev/mmcblk0p5 part_guid = C5C5D354-440B-453E-8832-D36349B6EE24 successful

INFO: Partition : /dev/mmcblk0p6 Partition type GUID : 5CC3B72D-C157-4984-A601-30F55F80AC1C "Platform required bit" : 0
INFO: Performing block read on /dev/mmcblk0p6 part_guid = 5CC3B72D-C157-4984-A601-30F55F80AC1C
INFO: Block read on /dev/mmcblk0p6 part_guid = 5CC3B72D-C157-4984-A601-30F55F80AC1C successful

INFO: Partition : /dev/mmcblk0p7 Partition type GUID : C12A7328-F81F-11D2-BA4B-00A0C93EC93B "Platform required bit" : 0
INFO: mmcblk0p7 partition is PRECIOUS.
      EFI System partition : C12A7328-F81F-11D2-BA4B-00A0C93EC93B
      Skipping block read...

********************************************************************************************************************************

INFO: Block device : /dev/mmcblk0boot0
INFO: Invalid partition table or not found for mmcblk0boot0
INFO: Block device : /dev/mmcblk0boot1
INFO: Invalid partition table or not found for mmcblk0boot1
INFO: Block device : /dev/mmcblk1
INFO: Partition table type : GPT


INFO: Partition : /dev/mmcblk1p1 Partition type GUID : EBD0A0A2-B9E5-4433-87C0-68B6B72699C7 "Platform required bit" : 0
INFO: Performing block read on /dev/mmcblk1p1 part_guid = EBD0A0A2-B9E5-4433-87C0-68B6B72699C7
INFO: Block read on /dev/mmcblk1p1 part_guid = EBD0A0A2-B9E5-4433-87C0-68B6B72699C7 successful

INFO: Partition : /dev/mmcblk1p2 Partition type GUID : 0FC63DAF-8483-4772-8E79-3D69D8477DE4 "Platform required bit" : 0
INFO: Performing block read on /dev/mmcblk1p2 part_guid = 0FC63DAF-8483-4772-8E79-3D69D8477DE4
INFO: Block read on /dev/mmcblk1p2 part_guid = 0FC63DAF-8483-4772-8E79-3D69D8477DE4 successful

********************************************************************************************************************************

