           CPU0       CPU1       CPU2       CPU3       CPU4       CPU5       
 18:          0          0          0          0          0          0     GICv3  25 Level     vgic
 20:          0          0          0          0          0          0     GICv3  27 Level     kvm guest vtimer
 23:       2930       2779       2698       2696       1123       1032     GICv3  30 Level     arch_timer
 25:        205         98        238        114        219        407     GICv3 113 Level     rk_timer
 31:          0          0          0          0          0          0  GICv3-23   0 Level     arm-pmu
 32:          0          0          0          0          0          0  GICv3-23   1 Level     arm-pmu
 33:          0          0          0          0          0          0     GICv3  37 Level     ff6d0000.dma-controller
 34:          0          0          0          0          0          0     GICv3  38 Level     ff6d0000.dma-controller
 35:          0          0          0          0          0          0     GICv3  39 Level     ff6e0000.dma-controller
 36:          0          0          0          0          0          0     GICv3  40 Level     ff6e0000.dma-controller
 37:        189          0          0          0          0          0     GICv3 132 Level     ttyS2
 38:          0          0          0          0          0          0     GICv3 147 Level     ff650800.iommu
 39:          0          0          0          0          0          0     GICv3  75 Level     ff914000.iommu
 40:          0          0          0          0          0          0     GICv3  76 Level     ff924000.iommu
 41:        732          0          0          0          0          0     GICv3  89 Level     ff3c0000.i2c
 42:          0          0          0          0          0          0  rockchip_gpio_irq  21 Level     rk817
 67:          0          0          0          0          0          0     GICv3  90 Level     ff3e0000.i2c
 68:          0          0          0          0          0          0     GICv3 152 Edge      ff848000.watchdog
 69:          0          0          0          0          0          0     GICv3  97 Level     dw-mci
 70:        355          0          0          0          0          0     GICv3  43 Level     mmc0
 71:          0          0          0          0          0          0  rockchip_gpio_irq   7 Edge      fe320000.mmc cd
 72:          0          0          0          0          0          0     GICv3  63 Level     rockchip_usb2phy
 73:       4240          0          0          0          0          0     GICv3 142 Level     xhci-hcd:usb1
 74:          0          0          0          0          0          0     GICv3  62 Level     ehci_hcd:usb3
 75:          0          0          0          0          0          0     GICv3  64 Level     ohci_hcd:usb4
IPI0:       208        287        238        275        238        292       Rescheduling interrupts
IPI1:      1147       1211       2055        837       1597       2035       Function call interrupts
IPI2:         0          0          0          0          0          0       CPU stop interrupts
IPI3:         0          0          0          0          0          0       CPU stop (for crash dump) interrupts
IPI4:        57         98        123        120        145        193       Timer broadcast interrupts
IPI5:         0          0          0          0          0          0       IRQ work interrupts
IPI6:         0          0          0          0          0          0       CPU wake-up interrupts
Err:          0
