           CPU0       CPU1       CPU2       CPU3       CPU4       CPU5       CPU6       CPU7       
 18:          0          0          0          0          0          0          0          0     GICv3  25 Level     vgic
 19:       1318        625        521        616        926        749        676        633     GICv3  26 Level     arch_timer
 20:          0          0          0          0          0          0          0          0     GICv3  27 Level     kvm guest vtimer
 23:          0          0          0          0          0          0          0          0     GICv3  30 Level     kvm guest ptimer
 25:       1545        903        723        967        734        807        747        822     GICv3 321 Level     rk_timer
 31:          3          0          0          0          0          0          0          0     GICv3 423 Level     rockchip_usb2phy
 32:          2          0          0          0          0          0          0          0     GICv3 424 Level     rockchip_usb2phy
 33:          0          0          0          0          0          0          0          0     GICv3 118 Level     fea10000.dma-controller
 34:          0          0          0          0          0          0          0          0     GICv3 119 Level     fea10000.dma-controller
 35:          0          0          0          0          0          0          0          0     GICv3 120 Level     fea30000.dma-controller
 36:          0          0          0          0          0          0          0          0     GICv3 121 Level     fea30000.dma-controller
 37:          0          0          0          0          0          0          0          0     GICv3 122 Level     fed10000.dma-controller
 38:          0          0          0          0          0          0          0          0     GICv3 123 Level     fed10000.dma-controller
 39:        433          0          0          0          0          0          0          0     GICv3 365 Level     ttyS2
 40:          0          0          0          0          0          0          0          0     GICv3 360 Level     feb20000.spi
 41:         54          0          0          0          0          0          0          0     GICv3 349 Level     fd880000.i2c
 42:          0          0          0          0          0          0          0          0     GICv3 351 Level     feaa0000.i2c
 43:          0          0          0          0          0          0          0          0     GICv3 347 Edge      feaf0000.watchdog
 44:       1357          0          0          0          0          0          0          0     GICv3 237 Level     mmc0
 45:          0          0          0          0          0          0          0          0  GICv3-23   0 Level     arm-pmu
 46:          0          0          0          0          0          0          0          0  GICv3-23   1 Level     arm-pmu
 47:          0          0          0          0          0          0          0          0     GICv3 247 Level     ehci_hcd:usb1
 48:       4932          0          0          0          0          0          0          0     GICv3 250 Level     ehci_hcd:usb3
 49:          0          0          0          0          0          0          0          0     GICv3 248 Level     ohci_hcd:usb2
 50:          0          0          0          0          0          0          0          0     GICv3 251 Level     ohci_hcd:usb4
IPI0:       182        251        210        308        348        297        319        223       Rescheduling interrupts
IPI1:      1314       1251       1384       1552       1236       1537       2049       1062       Function call interrupts
IPI2:         0          0          0          0          0          0          0          0       CPU stop interrupts
IPI3:         0          0          0          0          0          0          0          0       CPU stop (for crash dump) interrupts
IPI4:       184        336        433        397        284        652        428        491       Timer broadcast interrupts
IPI5:         0          0          0          0          0          0          0          0       IRQ work interrupts
IPI6:         0          0          0          0          0          0          0          0       CPU wake-up interrupts
Err:          0
