           CPU0       CPU1       CPU2       CPU3       CPU4       CPU5       CPU6       CPU7       
 18:          0          0          0          0          0          0          0          0     GICv3  25 Level     vgic
 19:        962        567        516        524        472        481        462        847     GICv3  26 Level     arch_timer
 20:          0          0          0          0          0          0          0          0     GICv3  27 Level     kvm guest vtimer
 23:          0          0          0          0          0          0          0          0     GICv3  30 Level     kvm guest ptimer
 25:        797        392        125        216        217        434        127        328     GICv3 321 Level     rk_timer
 31:          2          0          0          0          0          0          0          0     GICv3 423 Level     rockchip_usb2phy
 32:          2          0          0          0          0          0          0          0     GICv3 424 Level     rockchip_usb2phy
 33:          0          0          0          0          0          0          0          0     GICv3 118 Level     fea10000.dma-controller
 34:          0          0          0          0          0          0          0          0     GICv3 119 Level     fea10000.dma-controller
 35:          0          0          0          0          0          0          0          0     GICv3 120 Level     fea30000.dma-controller
 36:          0          0          0          0          0          0          0          0     GICv3 121 Level     fea30000.dma-controller
 37:          0          0          0          0          0          0          0          0     GICv3 122 Level     fed10000.dma-controller
 38:          0          0          0          0          0          0          0          0     GICv3 123 Level     fed10000.dma-controller
 39:        229          0          0          0          0          0          0          0     GICv3 365 Level     ttyS2
 40:          0          0          0          0          0          0          0          0     GICv3 360 Level     feb20000.spi
 41:         54          0          0          0          0          0          0          0     GICv3 349 Level     fd880000.i2c
 42:          0          0          0          0          0          0          0          0     GICv3 351 Level     feaa0000.i2c
 43:          0          0          0          0          0          0          0          0     GICv3 347 Edge      feaf0000.watchdog
 44:       1087          0          0          0          0          0          0          0     GICv3 237 Level     mmc0
 45:          0          0          0          0          0          0          0          0  GICv3-23   0 Level     arm-pmu
 46:          0          0          0          0          0          0          0          0  GICv3-23   1 Level     arm-pmu
 47:          0          0          0          0          0          0          0          0     GICv3 247 Level     ehci_hcd:usb1
 48:       3613          0          0          0          0          0          0          0     GICv3 250 Level     ehci_hcd:usb2
 49:          0          0          0          0          0          0          0          0     GICv3 248 Level     ohci_hcd:usb3
 50:          0          0          0          0          0          0          0          0     GICv3 251 Level     ohci_hcd:usb4
 51:          4          0          0          0          0          0          0          0     GICv3 259 Level     eth0
 52:          0          0          0          0          0          0          0          0     GICv3 258 Level     eth0
IPI0:       102         96        206        177        207         76        232        115       Rescheduling interrupts
IPI1:       768       1676       1542       1700        994        788       1049       1182       Function call interrupts
IPI2:         0          0          0          0          0          0          0          0       CPU stop interrupts
IPI3:         0          0          0          0          0          0          0          0       CPU stop (for crash dump) interrupts
IPI4:       195        190        199        240        256        330        294        292       Timer broadcast interrupts
IPI5:         0          0          0          0          0          0          0          0       IRQ work interrupts
IPI6:         0          0          0          0          0          0          0          0       CPU wake-up interrupts
Err:          0
